TN:
SF:electron/services/commitAnalysisService.ts
FN:82,execGit
FN:101,parseDiff
FN:275,generateReviewSuggestions
FN:371,calculateMetrics
FN:415,analyzeCommit
FN:452,analyzeStagedChanges
FN:501,registerCommitAnalysisHandlers
FN:505,(anonymous_7)
FN:513,(anonymous_8)
FN:521,(anonymous_9)
FN:529,(anonymous_10)
FN:541,(anonymous_11)
FNF:12
FNH:0
FNDA:0,execGit
FNDA:0,parseDiff
FNDA:0,generateReviewSuggestions
FNDA:0,calculateMetrics
FNDA:0,analyzeCommit
FNDA:0,analyzeStagedChanges
FNDA:0,registerCommitAnalysisHandlers
FNDA:0,(anonymous_7)
FNDA:0,(anonymous_8)
FNDA:0,(anonymous_9)
FNDA:0,(anonymous_10)
FNDA:0,(anonymous_11)
DA:10,0
DA:83,0
DA:84,0
DA:89,0
DA:91,0
DA:92,0
DA:102,0
DA:103,0
DA:105,0
DA:106,0
DA:107,0
DA:110,0
DA:111,0
DA:113,0
DA:114,0
DA:117,0
DA:118,0
DA:119,0
DA:120,0
DA:121,0
DA:122,0
DA:123,0
DA:127,0
DA:128,0
DA:129,0
DA:131,0
DA:134,0
DA:135,0
DA:136,0
DA:137,0
DA:138,0
DA:141,0
DA:142,0
DA:143,0
DA:144,0
DA:146,0
DA:147,0
DA:149,0
DA:150,0
DA:152,0
DA:153,0
DA:154,0
DA:155,0
DA:156,0
DA:157,0
DA:158,0
DA:162,0
DA:173,0
DA:183,0
DA:193,0
DA:231,0
DA:254,0
DA:276,0
DA:278,0
DA:280,0
DA:282,0
DA:284,0
DA:286,0
DA:288,0
DA:289,0
DA:290,0
DA:303,0
DA:304,0
DA:305,0
DA:318,0
DA:319,0
DA:320,0
DA:332,0
DA:337,0
DA:338,0
DA:339,0
DA:350,0
DA:353,0
DA:354,0
DA:365,0
DA:372,0
DA:373,0
DA:374,0
DA:375,0
DA:376,0
DA:377,0
DA:379,0
DA:380,0
DA:381,0
DA:383,0
DA:384,0
DA:385,0
DA:386,0
DA:389,0
DA:390,0
DA:393,0
DA:395,0
DA:399,0
DA:417,0
DA:421,0
DA:424,0
DA:430,0
DA:433,0
DA:436,0
DA:438,0
DA:454,0
DA:456,0
DA:457,0
DA:477,0
DA:480,0
DA:483,0
DA:485,0
DA:503,0
DA:506,0
DA:511,0
DA:514,0
DA:519,0
DA:522,0
DA:527,0
DA:530,0
DA:531,0
DA:533,0
DA:539,0
DA:543,0
DA:547,0
DA:550,0
DA:551,0
DA:552,0
DA:553,0
DA:554,0
DA:560,0
LF:126
LH:0
BRDA:92,0,0,0
BRDA:92,0,1,0
BRDA:107,1,0,0
BRDA:107,1,1,0
BRDA:111,2,0,0
BRDA:111,2,1,0
BRDA:118,3,0,0
BRDA:118,3,1,0
BRDA:120,4,0,0
BRDA:120,4,1,0
BRDA:122,5,0,0
BRDA:122,5,1,0
BRDA:136,6,0,0
BRDA:136,6,1,0
BRDA:138,7,0,0
BRDA:138,7,1,0
BRDA:143,8,0,0
BRDA:143,8,1,0
BRDA:153,9,0,0
BRDA:153,9,1,0
BRDA:153,10,0,0
BRDA:153,10,1,0
BRDA:156,11,0,0
BRDA:156,11,1,0
BRDA:156,12,0,0
BRDA:156,12,1,0
BRDA:176,13,0,0
BRDA:176,13,1,0
BRDA:280,14,0,0
BRDA:280,14,1,0
BRDA:289,15,0,0
BRDA:289,15,1,0
BRDA:304,16,0,0
BRDA:304,16,1,0
BRDA:319,17,0,0
BRDA:319,17,1,0
BRDA:338,18,0,0
BRDA:338,18,1,0
BRDA:350,19,0,0
BRDA:350,19,1,0
BRDA:350,19,2,0
BRDA:353,20,0,0
BRDA:353,20,1,0
BRDA:353,21,0,0
BRDA:353,21,1,0
BRDA:384,22,0,0
BRDA:384,22,1,0
BRDA:389,23,0,0
BRDA:389,23,1,0
BRDA:389,24,0,0
BRDA:389,24,1,0
BRDA:393,25,0,0
BRDA:393,25,1,0
BRDA:393,26,0,0
BRDA:393,26,1,0
BRDA:456,27,0,0
BRDA:456,27,1,0
BRF:57
BRH:0
end_of_record
TN:
SF:electron/services/fileService.ts
FN:71,shouldIgnore
FN:86,readDirectoryRecursive
FN:97,(anonymous_2)
FN:147,readDirectorySingle
FN:153,(anonymous_4)
FN:200,registerFileSystemHandlers
FN:202,(anonymous_6)
FN:216,(anonymous_7)
FN:234,(anonymous_8)
FN:252,(anonymous_9)
FN:260,(anonymous_10)
FN:270,(anonymous_11)
FN:280,(anonymous_12)
FN:293,(anonymous_13)
FN:316,(anonymous_14)
FN:325,(anonymous_15)
FN:339,(anonymous_16)
FN:348,(anonymous_17)
FN:357,(anonymous_18)
FN:371,(anonymous_19)
FN:381,(anonymous_20)
FN:396,(anonymous_21)
FN:401,(anonymous_22)
FN:406,(anonymous_23)
FN:410,(anonymous_24)
FN:414,(anonymous_25)
FN:418,(anonymous_26)
FN:429,registerFileWatcherHandlers
FN:431,(anonymous_28)
FN:437,(anonymous_29)
FN:454,(anonymous_30)
FN:463,(anonymous_31)
FN:474,cleanupFileWatchers
FNF:33
FNH:0
FNDA:0,shouldIgnore
FNDA:0,readDirectoryRecursive
FNDA:0,(anonymous_2)
FNDA:0,readDirectorySingle
FNDA:0,(anonymous_4)
FNDA:0,registerFileSystemHandlers
FNDA:0,(anonymous_6)
FNDA:0,(anonymous_7)
FNDA:0,(anonymous_8)
FNDA:0,(anonymous_9)
FNDA:0,(anonymous_10)
FNDA:0,(anonymous_11)
FNDA:0,(anonymous_12)
FNDA:0,(anonymous_13)
FNDA:0,(anonymous_14)
FNDA:0,(anonymous_15)
FNDA:0,(anonymous_16)
FNDA:0,(anonymous_17)
FNDA:0,(anonymous_18)
FNDA:0,(anonymous_19)
FNDA:0,(anonymous_20)
FNDA:0,(anonymous_21)
FNDA:0,(anonymous_22)
FNDA:0,(anonymous_23)
FNDA:0,(anonymous_24)
FNDA:0,(anonymous_25)
FNDA:0,(anonymous_26)
FNDA:0,registerFileWatcherHandlers
FNDA:0,(anonymous_28)
FNDA:0,(anonymous_29)
FNDA:0,(anonymous_30)
FNDA:0,(anonymous_31)
FNDA:0,cleanupFileWatchers
DA:30,0
DA:49,0
DA:73,0
DA:74,0
DA:77,0
DA:78,0
DA:80,0
DA:91,0
DA:93,0
DA:94,0
DA:97,0
DA:98,0
DA:99,0
DA:100,0
DA:103,0
DA:105,0
DA:107,0
DA:109,0
DA:110,0
DA:116,0
DA:117,0
DA:118,0
DA:119,0
DA:120,0
DA:129,0
DA:138,0
DA:141,0
DA:148,0
DA:150,0
DA:151,0
DA:153,0
DA:154,0
DA:155,0
DA:156,0
DA:159,0
DA:160,0
DA:162,0
DA:164,0
DA:165,0
DA:171,0
DA:172,0
DA:173,0
DA:174,0
DA:182,0
DA:191,0
DA:194,0
DA:202,0
DA:203,0
DA:208,0
DA:209,0
DA:212,0
DA:216,0
DA:220,0
DA:226,0
DA:227,0
DA:230,0
DA:234,0
DA:238,0
DA:244,0
DA:245,0
DA:248,0
DA:252,0
DA:253,0
DA:254,0
DA:256,0
DA:260,0
DA:261,0
DA:262,0
DA:263,0
DA:265,0
DA:270,0
DA:271,0
DA:272,0
DA:273,0
DA:275,0
DA:280,0
DA:281,0
DA:283,0
DA:284,0
DA:286,0
DA:288,0
DA:293,0
DA:294,0
DA:296,0
DA:297,0
DA:298,0
DA:300,0
DA:301,0
DA:306,0
DA:307,0
DA:309,0
DA:311,0
DA:316,0
DA:317,0
DA:318,0
DA:320,0
DA:325,0
DA:326,0
DA:327,0
DA:328,0
DA:329,0
DA:331,0
DA:334,0
DA:339,0
DA:340,0
DA:341,0
DA:343,0
DA:348,0
DA:349,0
DA:350,0
DA:352,0
DA:357,0
DA:358,0
DA:359,0
DA:360,0
DA:361,0
DA:363,0
DA:366,0
DA:371,0
DA:372,0
DA:373,0
DA:374,0
DA:376,0
DA:381,0
DA:382,0
DA:383,0
DA:384,0
DA:391,0
DA:396,0
DA:397,0
DA:401,0
DA:402,0
DA:406,0
DA:407,0
DA:410,0
DA:411,0
DA:414,0
DA:415,0
DA:418,0
DA:419,0
DA:424,0
DA:431,0
DA:432,0
DA:433,0
DA:436,0
DA:437,0
DA:438,0
DA:439,0
DA:440,0
DA:447,0
DA:449,0
DA:454,0
DA:455,0
DA:456,0
DA:457,0
DA:458,0
DA:463,0
DA:464,0
DA:465,0
DA:467,0
DA:475,0
DA:476,0
DA:478,0
LF:163
LH:0
BRDA:73,0,0,0
BRDA:73,0,1,0
BRDA:77,1,0,0
BRDA:77,1,1,0
BRDA:88,2,0,0
BRDA:89,3,0,0
BRDA:98,4,0,0
BRDA:98,4,1,0
BRDA:98,5,0,0
BRDA:98,5,1,0
BRDA:99,6,0,0
BRDA:99,6,1,0
BRDA:99,7,0,0
BRDA:99,7,1,0
BRDA:105,8,0,0
BRDA:105,8,1,0
BRDA:109,9,0,0
BRDA:109,9,1,0
BRDA:114,10,0,0
BRDA:114,10,1,0
BRDA:117,11,0,0
BRDA:117,11,1,0
BRDA:154,12,0,0
BRDA:154,12,1,0
BRDA:154,13,0,0
BRDA:154,13,1,0
BRDA:155,14,0,0
BRDA:155,14,1,0
BRDA:155,15,0,0
BRDA:155,15,1,0
BRDA:160,16,0,0
BRDA:160,16,1,0
BRDA:164,17,0,0
BRDA:164,17,1,0
BRDA:171,18,0,0
BRDA:171,18,1,0
BRDA:208,19,0,0
BRDA:208,19,1,0
BRDA:208,20,0,0
BRDA:208,20,1,0
BRDA:221,21,0,0
BRDA:221,21,1,0
BRDA:226,22,0,0
BRDA:226,22,1,0
BRDA:227,23,0,0
BRDA:227,23,1,0
BRDA:230,24,0,0
BRDA:230,24,1,0
BRDA:244,25,0,0
BRDA:244,25,1,0
BRDA:252,26,0,0
BRDA:253,27,0,0
BRDA:253,27,1,0
BRDA:293,28,0,0
BRDA:300,29,0,0
BRDA:300,29,1,0
BRDA:328,30,0,0
BRDA:328,30,1,0
BRDA:360,31,0,0
BRDA:360,31,1,0
BRDA:397,32,0,0
BRDA:397,32,1,0
BRDA:397,32,2,0
BRDA:432,33,0,0
BRDA:432,33,1,0
BRDA:439,34,0,0
BRDA:439,34,1,0
BRDA:439,35,0,0
BRDA:439,35,1,0
BRDA:456,36,0,0
BRDA:456,36,1,0
BRF:71
BRH:0
end_of_record
TN:
SF:electron/services/gitService.ts
FN:59,execGit
FN:76,parseGitStatus
FN:98,(anonymous_2)
FN:137,parseBranches
FN:160,parseLog
FN:182,registerGitHandlers
FN:184,(anonymous_6)
FN:194,(anonymous_7)
FN:231,(anonymous_8)
FN:236,(anonymous_9)
FN:241,(anonymous_10)
FN:246,(anonymous_11)
FN:251,(anonymous_12)
FN:258,(anonymous_13)
FN:263,(anonymous_14)
FN:268,(anonymous_15)
FN:275,(anonymous_16)
FN:280,(anonymous_17)
FN:289,(anonymous_18)
FN:295,(anonymous_19)
FN:301,(anonymous_20)
FN:306,(anonymous_21)
FN:313,(anonymous_22)
FN:320,(anonymous_23)
FN:326,(anonymous_24)
FN:332,(anonymous_25)
FN:338,(anonymous_26)
FN:343,(anonymous_27)
FN:348,(anonymous_28)
FN:358,(anonymous_29)
FN:363,(anonymous_30)
FN:368,(anonymous_31)
FN:373,(anonymous_32)
FN:377,(anonymous_33)
FN:385,(anonymous_34)
FN:396,(anonymous_35)
FN:408,(anonymous_36)
FN:423,(anonymous_37)
FN:441,(anonymous_38)
FN:446,(anonymous_39)
FN:460,(anonymous_40)
FN:467,(anonymous_41)
FN:493,(anonymous_42)
FN:497,(anonymous_43)
FN:497,(anonymous_44)
FN:503,(anonymous_45)
FN:507,(anonymous_46)
FN:510,(anonymous_47)
FN:510,(anonymous_48)
FN:516,(anonymous_49)
FN:518,(anonymous_50)
FN:525,(anonymous_51)
FN:542,(anonymous_52)
FN:559,(anonymous_53)
FN:580,(anonymous_54)
FN:590,(anonymous_55)
FN:605,(anonymous_56)
FN:623,(anonymous_57)
FN:625,(anonymous_58)
FN:646,(anonymous_59)
FN:666,(anonymous_60)
FN:702,(anonymous_61)
FN:723,(anonymous_62)
FN:727,(anonymous_63)
FN:734,(anonymous_64)
FN:772,(anonymous_65)
FN:815,(anonymous_66)
FN:828,(anonymous_67)
FN:844,(anonymous_68)
FN:848,(anonymous_69)
FN:868,(anonymous_70)
FN:924,(anonymous_71)
FN:941,(anonymous_72)
FN:969,(anonymous_73)
FN:980,(anonymous_74)
FN:1027,(anonymous_75)
FN:1041,(anonymous_76)
FN:1051,(anonymous_77)
FN:1063,(anonymous_78)
FN:1092,(anonymous_79)
FN:1098,(anonymous_80)
FN:1134,(anonymous_81)
FN:1146,(anonymous_82)
FN:1160,parseReflog
FN:1199,parseReflogOperationType
FN:1215,parseReflogMessage
FN:1333,parseBlamePortcelain
FN:1401,parseCommitDetails
FN:1438,parseLineHistory
FN:1440,(anonymous_89)
FN:1453,parseGraphData
FN:1461,(anonymous_91)
FN:1476,(anonymous_92)
FN:1477,(anonymous_93)
FN:1477,(anonymous_94)
FN:1491,parseRefs
FN:1500,(anonymous_96)
FN:1526,(anonymous_97)
FN:1548,parseFileStatus
FNF:99
FNH:0
FNDA:0,execGit
FNDA:0,parseGitStatus
FNDA:0,(anonymous_2)
FNDA:0,parseBranches
FNDA:0,parseLog
FNDA:0,registerGitHandlers
FNDA:0,(anonymous_6)
FNDA:0,(anonymous_7)
FNDA:0,(anonymous_8)
FNDA:0,(anonymous_9)
FNDA:0,(anonymous_10)
FNDA:0,(anonymous_11)
FNDA:0,(anonymous_12)
FNDA:0,(anonymous_13)
FNDA:0,(anonymous_14)
FNDA:0,(anonymous_15)
FNDA:0,(anonymous_16)
FNDA:0,(anonymous_17)
FNDA:0,(anonymous_18)
FNDA:0,(anonymous_19)
FNDA:0,(anonymous_20)
FNDA:0,(anonymous_21)
FNDA:0,(anonymous_22)
FNDA:0,(anonymous_23)
FNDA:0,(anonymous_24)
FNDA:0,(anonymous_25)
FNDA:0,(anonymous_26)
FNDA:0,(anonymous_27)
FNDA:0,(anonymous_28)
FNDA:0,(anonymous_29)
FNDA:0,(anonymous_30)
FNDA:0,(anonymous_31)
FNDA:0,(anonymous_32)
FNDA:0,(anonymous_33)
FNDA:0,(anonymous_34)
FNDA:0,(anonymous_35)
FNDA:0,(anonymous_36)
FNDA:0,(anonymous_37)
FNDA:0,(anonymous_38)
FNDA:0,(anonymous_39)
FNDA:0,(anonymous_40)
FNDA:0,(anonymous_41)
FNDA:0,(anonymous_42)
FNDA:0,(anonymous_43)
FNDA:0,(anonymous_44)
FNDA:0,(anonymous_45)
FNDA:0,(anonymous_46)
FNDA:0,(anonymous_47)
FNDA:0,(anonymous_48)
FNDA:0,(anonymous_49)
FNDA:0,(anonymous_50)
FNDA:0,(anonymous_51)
FNDA:0,(anonymous_52)
FNDA:0,(anonymous_53)
FNDA:0,(anonymous_54)
FNDA:0,(anonymous_55)
FNDA:0,(anonymous_56)
FNDA:0,(anonymous_57)
FNDA:0,(anonymous_58)
FNDA:0,(anonymous_59)
FNDA:0,(anonymous_60)
FNDA:0,(anonymous_61)
FNDA:0,(anonymous_62)
FNDA:0,(anonymous_63)
FNDA:0,(anonymous_64)
FNDA:0,(anonymous_65)
FNDA:0,(anonymous_66)
FNDA:0,(anonymous_67)
FNDA:0,(anonymous_68)
FNDA:0,(anonymous_69)
FNDA:0,(anonymous_70)
FNDA:0,(anonymous_71)
FNDA:0,(anonymous_72)
FNDA:0,(anonymous_73)
FNDA:0,(anonymous_74)
FNDA:0,(anonymous_75)
FNDA:0,(anonymous_76)
FNDA:0,(anonymous_77)
FNDA:0,(anonymous_78)
FNDA:0,(anonymous_79)
FNDA:0,(anonymous_80)
FNDA:0,(anonymous_81)
FNDA:0,(anonymous_82)
FNDA:0,parseReflog
FNDA:0,parseReflogOperationType
FNDA:0,parseReflogMessage
FNDA:0,parseBlamePortcelain
FNDA:0,parseCommitDetails
FNDA:0,parseLineHistory
FNDA:0,(anonymous_89)
FNDA:0,parseGraphData
FNDA:0,(anonymous_91)
FNDA:0,(anonymous_92)
FNDA:0,(anonymous_93)
FNDA:0,(anonymous_94)
FNDA:0,parseRefs
FNDA:0,(anonymous_96)
FNDA:0,(anonymous_97)
FNDA:0,parseFileStatus
DA:10,0
DA:60,0
DA:61,0
DA:66,0
DA:68,0
DA:69,0
DA:77,0
DA:78,0
DA:80,0
DA:82,0
DA:83,0
DA:85,0
DA:86,0
DA:87,0
DA:91,0
DA:92,0
DA:93,0
DA:94,0
DA:98,0
DA:99,0
DA:100,0
DA:101,0
DA:102,0
DA:103,0
DA:104,0
DA:105,0
DA:106,0
DA:111,0
DA:112,0
DA:121,0
DA:122,0
DA:131,0
DA:138,0
DA:139,0
DA:141,0
DA:142,0
DA:143,0
DA:146,0
DA:148,0
DA:154,0
DA:161,0
DA:162,0
DA:164,0
DA:165,0
DA:166,0
DA:176,0
DA:184,0
DA:185,0
DA:186,0
DA:187,0
DA:189,0
DA:194,0
DA:196,0
DA:197,0
DA:198,0
DA:204,0
DA:205,0
DA:209,0
DA:211,0
DA:212,0
DA:213,0
DA:214,0
DA:215,0
DA:220,0
DA:231,0
DA:232,0
DA:236,0
DA:237,0
DA:241,0
DA:242,0
DA:246,0
DA:247,0
DA:251,0
DA:253,0
DA:254,0
DA:258,0
DA:259,0
DA:263,0
DA:264,0
DA:268,0
DA:269,0
DA:270,0
DA:271,0
DA:275,0
DA:276,0
DA:280,0
DA:281,0
DA:282,0
DA:284,0
DA:289,0
DA:290,0
DA:291,0
DA:295,0
DA:296,0
DA:297,0
DA:301,0
DA:302,0
DA:306,0
DA:307,0
DA:308,0
DA:309,0
DA:313,0
DA:314,0
DA:315,0
DA:316,0
DA:320,0
DA:321,0
DA:322,0
DA:326,0
DA:327,0
DA:328,0
DA:332,0
DA:333,0
DA:334,0
DA:338,0
DA:339,0
DA:343,0
DA:344,0
DA:348,0
DA:349,0
DA:350,0
DA:351,0
DA:353,0
DA:358,0
DA:359,0
DA:363,0
DA:364,0
DA:368,0
DA:369,0
DA:370,0
DA:373,0
DA:374,0
DA:377,0
DA:378,0
DA:379,0
DA:385,0
DA:386,0
DA:387,0
DA:388,0
DA:391,0
DA:396,0
DA:397,0
DA:399,0
DA:400,0
DA:401,0
DA:403,0
DA:408,0
DA:414,0
DA:415,0
DA:416,0
DA:417,0
DA:418,0
DA:419,0
DA:423,0
DA:431,0
DA:432,0
DA:433,0
DA:434,0
DA:436,0
DA:441,0
DA:442,0
DA:446,0
DA:453,0
DA:454,0
DA:460,0
DA:465,0
DA:466,0
DA:467,0
DA:468,0
DA:469,0
DA:470,0
DA:471,0
DA:472,0
DA:475,0
DA:476,0
DA:489,0
DA:493,0
DA:497,0
DA:499,0
DA:503,0
DA:504,0
DA:507,0
DA:510,0
DA:512,0
DA:516,0
DA:517,0
DA:518,0
DA:519,0
DA:520,0
DA:525,0
DA:531,0
DA:532,0
DA:533,0
DA:534,0
DA:535,0
DA:537,0
DA:542,0
DA:548,0
DA:549,0
DA:550,0
DA:551,0
DA:552,0
DA:554,0
DA:559,0
DA:565,0
DA:566,0
DA:567,0
DA:568,0
DA:569,0
DA:571,0
DA:573,0
DA:575,0
DA:580,0
DA:581,0
DA:582,0
DA:583,0
DA:585,0
DA:590,0
DA:596,0
DA:597,0
DA:598,0
DA:600,0
DA:605,0
DA:611,0
DA:612,0
DA:613,0
DA:614,0
DA:615,0
DA:616,0
DA:618,0
DA:623,0
DA:624,0
DA:625,0
DA:626,0
DA:627,0
DA:628,0
DA:632,0
DA:633,0
DA:634,0
DA:637,0
DA:646,0
DA:647,0
DA:648,0
DA:649,0
DA:652,0
DA:653,0
DA:654,0
DA:660,0
DA:666,0
DA:667,0
DA:669,0
DA:672,0
DA:674,0
DA:675,0
DA:676,0
DA:679,0
DA:680,0
DA:681,0
DA:682,0
DA:689,0
DA:690,0
DA:691,0
DA:698,0
DA:699,0
DA:700,0
DA:701,0
DA:702,0
DA:707,0
DA:715,0
DA:723,0
DA:724,0
DA:725,0
DA:726,0
DA:727,0
DA:729,0
DA:734,0
DA:735,0
DA:736,0
DA:737,0
DA:738,0
DA:740,0
DA:741,0
DA:742,0
DA:745,0
DA:746,0
DA:748,0
DA:750,0
DA:751,0
DA:752,0
DA:754,0
DA:757,0
DA:765,0
DA:767,0
DA:772,0
DA:773,0
DA:774,0
DA:775,0
DA:776,0
DA:778,0
DA:782,0
DA:783,0
DA:785,0
DA:788,0
DA:789,0
DA:791,0
DA:794,0
DA:795,0
DA:797,0
DA:801,0
DA:802,0
DA:803,0
DA:805,0
DA:808,0
DA:810,0
DA:815,0
DA:816,0
DA:817,0
DA:820,0
DA:821,0
DA:824,0
DA:828,0
DA:829,0
DA:831,0
DA:834,0
DA:835,0
DA:838,0
DA:844,0
DA:846,0
DA:847,0
DA:848,0
DA:850,0
DA:851,0
DA:855,0
DA:856,0
DA:858,0
DA:861,0
DA:868,0
DA:869,0
DA:870,0
DA:872,0
DA:873,0
DA:879,0
DA:880,0
DA:888,0
DA:889,0
DA:894,0
DA:896,0
DA:897,0
DA:900,0
DA:901,0
DA:904,0
DA:905,0
DA:908,0
DA:909,0
DA:912,0
DA:913,0
DA:920,0
DA:921,0
DA:922,0
DA:923,0
DA:924,0
DA:929,0
DA:941,0
DA:942,0
DA:943,0
DA:944,0
DA:946,0
DA:949,0
DA:950,0
DA:951,0
DA:962,0
DA:964,0
DA:969,0
DA:974,0
DA:975,0
DA:976,0
DA:978,0
DA:980,0
DA:981,0
DA:982,0
DA:986,0
DA:987,0
DA:990,0
DA:991,0
DA:994,0
DA:995,0
DA:1001,0
DA:1002,0
DA:1003,0
DA:1006,0
DA:1009,0
DA:1010,0
DA:1011,0
DA:1014,0
DA:1016,0
DA:1017,0
DA:1019,0
DA:1022,0
DA:1027,0
DA:1028,0
DA:1029,0
DA:1030,0
DA:1032,0
DA:1033,0
DA:1034,0
DA:1036,0
DA:1041,0
DA:1042,0
DA:1043,0
DA:1044,0
DA:1046,0
DA:1051,0
DA:1052,0
DA:1053,0
DA:1054,0
DA:1056,0
DA:1063,0
DA:1069,0
DA:1070,0
DA:1071,0
DA:1073,0
DA:1074,0
DA:1075,0
DA:1077,0
DA:1078,0
DA:1079,0
DA:1081,0
DA:1085,0
DA:1087,0
DA:1092,0
DA:1097,0
DA:1098,0
DA:1099,0
DA:1100,0
DA:1101,0
DA:1104,0
DA:1105,0
DA:1106,0
DA:1109,0
DA:1117,0
DA:1118,0
DA:1119,0
DA:1120,0
DA:1122,0
DA:1128,0
DA:1134,0
DA:1135,0
DA:1136,0
DA:1137,0
DA:1139,0
DA:1141,0
DA:1146,0
DA:1147,0
DA:1148,0
DA:1149,0
DA:1151,0
DA:1153,0
DA:1161,0
DA:1162,0
DA:1164,0
DA:1165,0
DA:1166,0
DA:1167,0
DA:1169,0
DA:1172,0
DA:1173,0
DA:1176,0
DA:1179,0
DA:1181,0
DA:1196,0
DA:1200,0
DA:1201,0
DA:1202,0
DA:1203,0
DA:1204,0
DA:1205,0
DA:1206,0
DA:1207,0
DA:1208,0
DA:1209,0
DA:1210,0
DA:1211,0
DA:1212,0
DA:1217,0
DA:1218,0
DA:1219,0
DA:1226,0
DA:1227,0
DA:1228,0
DA:1232,0
DA:1233,0
DA:1234,0
DA:1238,0
DA:1239,0
DA:1240,0
DA:1243,0
DA:1334,0
DA:1335,0
DA:1336,0
DA:1338,0
DA:1339,0
DA:1340,0
DA:1341,0
DA:1342,0
DA:1346,0
DA:1347,0
DA:1348,0
DA:1349,0
DA:1352,0
DA:1353,0
DA:1354,0
DA:1357,0
DA:1358,0
DA:1359,0
DA:1360,0
DA:1362,0
DA:1363,0
DA:1364,0
DA:1365,0
DA:1366,0
DA:1367,0
DA:1368,0
DA:1369,0
DA:1370,0
DA:1371,0
DA:1372,0
DA:1373,0
DA:1375,0
DA:1379,0
DA:1380,0
DA:1381,0
DA:1382,0
DA:1385,0
DA:1398,0
DA:1402,0
DA:1403,0
DA:1405,0
DA:1406,0
DA:1407,0
DA:1408,0
DA:1409,0
DA:1410,0
DA:1411,0
DA:1412,0
DA:1413,0
DA:1414,0
DA:1415,0
DA:1418,0
DA:1419,0
DA:1420,0
DA:1426,0
DA:1439,0
DA:1440,0
DA:1441,0
DA:1442,0
DA:1461,0
DA:1462,0
DA:1463,0
DA:1475,0
DA:1476,0
DA:1477,0
DA:1482,0
DA:1497,0
DA:1500,0
DA:1501,0
DA:1502,0
DA:1507,0
DA:1508,0
DA:1509,0
DA:1510,0
DA:1511,0
DA:1514,0
DA:1526,0
DA:1527,0
DA:1528,0
DA:1536,0
DA:1537,0
DA:1545,0
DA:1549,0
DA:1550,0
DA:1551,0
DA:1552,0
DA:1553,0
DA:1554,0
DA:1555,0
LF:585
LH:0
BRDA:69,0,0,0
BRDA:69,0,1,0
BRDA:83,1,0,0
BRDA:83,1,1,0
BRDA:91,2,0,0
BRDA:91,2,1,0
BRDA:99,3,0,0
BRDA:99,3,1,0
BRDA:99,3,2,0
BRDA:99,3,3,0
BRDA:99,3,4,0
BRDA:99,3,5,0
BRDA:99,3,6,0
BRDA:111,4,0,0
BRDA:111,4,1,0
BRDA:111,5,0,0
BRDA:111,5,1,0
BRDA:121,6,0,0
BRDA:121,6,1,0
BRDA:121,7,0,0
BRDA:121,7,1,0
BRDA:124,8,0,0
BRDA:124,8,1,0
BRDA:146,9,0,0
BRDA:146,9,1,0
BRDA:150,10,0,0
BRDA:150,10,1,0
BRDA:198,11,0,0
BRDA:198,11,1,0
BRDA:224,12,0,0
BRDA:224,12,1,0
BRDA:280,13,0,0
BRDA:281,14,0,0
BRDA:281,14,1,0
BRDA:289,15,0,0
BRDA:290,16,0,0
BRDA:290,16,1,0
BRDA:296,17,0,0
BRDA:296,17,1,0
BRDA:301,18,0,0
BRDA:306,19,0,0
BRDA:313,20,0,0
BRDA:320,21,0,0
BRDA:321,22,0,0
BRDA:321,22,1,0
BRDA:326,23,0,0
BRDA:327,24,0,0
BRDA:327,24,1,0
BRDA:369,25,0,0
BRDA:369,25,1,0
BRDA:414,26,0,0
BRDA:414,26,1,0
BRDA:415,27,0,0
BRDA:415,27,1,0
BRDA:416,28,0,0
BRDA:416,28,1,0
BRDA:432,29,0,0
BRDA:432,29,1,0
BRDA:453,30,0,0
BRDA:453,30,1,0
BRDA:465,31,0,0
BRDA:465,31,1,0
BRDA:466,32,0,0
BRDA:466,32,1,0
BRDA:467,33,0,0
BRDA:467,33,1,0
BRDA:468,34,0,0
BRDA:468,34,1,0
BRDA:469,35,0,0
BRDA:469,35,1,0
BRDA:470,36,0,0
BRDA:470,36,1,0
BRDA:471,37,0,0
BRDA:471,37,1,0
BRDA:472,38,0,0
BRDA:472,38,1,0
BRDA:520,39,0,0
BRDA:520,39,1,0
BRDA:532,40,0,0
BRDA:532,40,1,0
BRDA:533,41,0,0
BRDA:533,41,1,0
BRDA:549,42,0,0
BRDA:549,42,1,0
BRDA:550,43,0,0
BRDA:550,43,1,0
BRDA:566,44,0,0
BRDA:566,44,1,0
BRDA:567,45,0,0
BRDA:567,45,1,0
BRDA:568,46,0,0
BRDA:568,46,1,0
BRDA:612,47,0,0
BRDA:612,47,1,0
BRDA:613,48,0,0
BRDA:613,48,1,0
BRDA:614,49,0,0
BRDA:614,49,1,0
BRDA:632,50,0,0
BRDA:632,50,1,0
BRDA:649,51,0,0
BRDA:649,51,1,0
BRDA:653,52,0,0
BRDA:653,52,1,0
BRDA:655,53,0,0
BRDA:655,53,1,0
BRDA:656,54,0,0
BRDA:656,54,1,0
BRDA:657,55,0,0
BRDA:657,55,1,0
BRDA:689,56,0,0
BRDA:689,56,1,0
BRDA:689,57,0,0
BRDA:689,57,1,0
BRDA:702,58,0,0
BRDA:702,58,1,0
BRDA:702,58,2,0
BRDA:727,59,0,0
BRDA:727,59,1,0
BRDA:727,59,2,0
BRDA:741,60,0,0
BRDA:741,60,1,0
BRDA:741,61,0,0
BRDA:741,61,1,0
BRDA:741,61,2,0
BRDA:752,62,0,0
BRDA:752,62,1,0
BRDA:848,63,0,0
BRDA:848,63,1,0
BRDA:848,63,2,0
BRDA:850,64,0,0
BRDA:850,64,1,0
BRDA:873,65,0,0
BRDA:873,65,1,0
BRDA:875,66,0,0
BRDA:875,66,1,0
BRDA:879,67,0,0
BRDA:879,67,1,0
BRDA:896,68,0,0
BRDA:896,68,1,0
BRDA:900,69,0,0
BRDA:900,69,1,0
BRDA:904,70,0,0
BRDA:904,70,1,0
BRDA:908,71,0,0
BRDA:908,71,1,0
BRDA:912,72,0,0
BRDA:912,72,1,0
BRDA:924,73,0,0
BRDA:924,73,1,0
BRDA:924,73,2,0
BRDA:981,74,0,0
BRDA:981,74,1,0
BRDA:982,75,0,0
BRDA:982,75,1,0
BRDA:1016,76,0,0
BRDA:1016,76,1,0
BRDA:1016,77,0,0
BRDA:1016,77,1,0
BRDA:1019,78,0,0
BRDA:1019,78,1,0
BRDA:1033,79,0,0
BRDA:1033,79,1,0
BRDA:1070,80,0,0
BRDA:1070,80,1,0
BRDA:1071,81,0,0
BRDA:1071,81,1,0
BRDA:1078,82,0,0
BRDA:1078,82,1,0
BRDA:1104,83,0,0
BRDA:1104,83,1,0
BRDA:1119,84,0,0
BRDA:1119,84,1,0
BRDA:1122,85,0,0
BRDA:1122,85,1,0
BRDA:1123,86,0,0
BRDA:1123,86,1,0
BRDA:1124,87,0,0
BRDA:1124,87,1,0
BRDA:1125,88,0,0
BRDA:1125,88,1,0
BRDA:1134,89,0,0
BRDA:1146,90,0,0
BRDA:1167,91,0,0
BRDA:1167,91,1,0
BRDA:1173,92,0,0
BRDA:1173,92,1,0
BRDA:1201,93,0,0
BRDA:1201,93,1,0
BRDA:1202,94,0,0
BRDA:1202,94,1,0
BRDA:1203,95,0,0
BRDA:1203,95,1,0
BRDA:1204,96,0,0
BRDA:1204,96,1,0
BRDA:1205,97,0,0
BRDA:1205,97,1,0
BRDA:1206,98,0,0
BRDA:1206,98,1,0
BRDA:1207,99,0,0
BRDA:1207,99,1,0
BRDA:1208,100,0,0
BRDA:1208,100,1,0
BRDA:1209,101,0,0
BRDA:1209,101,1,0
BRDA:1210,102,0,0
BRDA:1210,102,1,0
BRDA:1211,103,0,0
BRDA:1211,103,1,0
BRDA:1218,104,0,0
BRDA:1218,104,1,0
BRDA:1227,105,0,0
BRDA:1227,105,1,0
BRDA:1233,106,0,0
BRDA:1233,106,1,0
BRDA:1239,107,0,0
BRDA:1239,107,1,0
BRDA:1340,108,0,0
BRDA:1340,108,1,0
BRDA:1347,109,0,0
BRDA:1347,109,1,0
BRDA:1363,110,0,0
BRDA:1363,110,1,0
BRDA:1365,111,0,0
BRDA:1365,111,1,0
BRDA:1367,112,0,0
BRDA:1367,112,1,0
BRDA:1369,113,0,0
BRDA:1369,113,1,0
BRDA:1372,114,0,0
BRDA:1372,114,1,0
BRDA:1380,115,0,0
BRDA:1380,115,1,0
BRDA:1380,116,0,0
BRDA:1380,116,1,0
BRDA:1418,117,0,0
BRDA:1418,117,1,0
BRDA:1420,118,0,0
BRDA:1420,118,1,0
BRDA:1421,119,0,0
BRDA:1421,119,1,0
BRDA:1422,120,0,0
BRDA:1422,120,1,0
BRDA:1423,121,0,0
BRDA:1423,121,1,0
BRDA:1443,122,0,0
BRDA:1443,122,1,0
BRDA:1444,123,0,0
BRDA:1444,123,1,0
BRDA:1445,124,0,0
BRDA:1445,124,1,0
BRDA:1446,125,0,0
BRDA:1446,125,1,0
BRDA:1447,126,0,0
BRDA:1447,126,1,0
BRDA:1448,127,0,0
BRDA:1448,127,1,0
BRDA:1466,128,0,0
BRDA:1466,128,1,0
BRDA:1470,129,0,0
BRDA:1470,129,1,0
BRDA:1476,130,0,0
BRDA:1476,130,1,0
BRDA:1502,131,0,0
BRDA:1502,131,1,0
BRDA:1507,132,0,0
BRDA:1507,132,1,0
BRDA:1510,133,0,0
BRDA:1510,133,1,0
BRDA:1511,134,0,0
BRDA:1511,134,1,0
BRDA:1516,135,0,0
BRDA:1516,135,1,0
BRDA:1519,136,0,0
BRDA:1519,136,1,0
BRDA:1536,137,0,0
BRDA:1536,137,1,0
BRDA:1549,138,0,0
BRDA:1549,138,1,0
BRDA:1549,138,2,0
BRDA:1549,138,3,0
BRDA:1549,138,4,0
BRDA:1549,138,5,0
BRF:283
BRH:0
end_of_record
TN:
SF:electron/services/githubService.ts
FN:63,getRepoInfo
FN:85,getToken
FN:121,githubRequest
FN:151,registerGitHubHandlers
FN:153,(anonymous_4)
FN:158,(anonymous_5)
FN:182,(anonymous_6)
FN:213,(anonymous_7)
FN:238,(anonymous_8)
FN:267,(anonymous_9)
FN:293,(anonymous_10)
FN:319,(anonymous_11)
FNF:12
FNH:0
FNDA:0,getRepoInfo
FNDA:0,getToken
FNDA:0,githubRequest
FNDA:0,registerGitHubHandlers
FNDA:0,(anonymous_4)
FNDA:0,(anonymous_5)
FNDA:0,(anonymous_6)
FNDA:0,(anonymous_7)
FNDA:0,(anonymous_8)
FNDA:0,(anonymous_9)
FNDA:0,(anonymous_10)
FNDA:0,(anonymous_11)
DA:10,0
DA:13,0
DA:64,0
DA:65,0
DA:66,0
DA:71,0
DA:72,0
DA:73,0
DA:76,0
DA:78,0
DA:87,0
DA:88,0
DA:92,0
DA:93,0
DA:95,0
DA:96,0
DA:100,0
DA:101,0
DA:102,0
DA:106,0
DA:107,0
DA:108,0
DA:115,0
DA:127,0
DA:129,0
DA:140,0
DA:141,0
DA:142,0
DA:145,0
DA:153,0
DA:154,0
DA:158,0
DA:163,0
DA:164,0
DA:165,0
DA:168,0
DA:169,0
DA:170,0
DA:173,0
DA:178,0
DA:182,0
DA:189,0
DA:190,0
DA:191,0
DA:194,0
DA:195,0
DA:196,0
DA:199,0
DA:200,0
DA:201,0
DA:204,0
DA:209,0
DA:213,0
DA:219,0
DA:220,0
DA:221,0
DA:224,0
DA:225,0
DA:226,0
DA:229,0
DA:234,0
DA:238,0
DA:246,0
DA:247,0
DA:248,0
DA:251,0
DA:252,0
DA:253,0
DA:256,0
DA:263,0
DA:267,0
DA:273,0
DA:274,0
DA:275,0
DA:278,0
DA:279,0
DA:280,0
DA:283,0
DA:289,0
DA:293,0
DA:299,0
DA:300,0
DA:301,0
DA:304,0
DA:305,0
DA:306,0
DA:309,0
DA:315,0
DA:319,0
DA:325,0
DA:326,0
DA:327,0
DA:330,0
DA:331,0
DA:332,0
DA:336,0
DA:338,0
LF:97
LH:0
BRDA:72,0,0,0
BRDA:72,0,1,0
BRDA:87,1,0,0
BRDA:87,1,1,0
BRDA:92,2,0,0
BRDA:92,2,1,0
BRDA:95,3,0,0
BRDA:95,3,1,0
BRDA:100,4,0,0
BRDA:100,4,1,0
BRDA:107,5,0,0
BRDA:107,5,1,0
BRDA:124,6,0,0
BRDA:127,7,0,0
BRDA:127,7,1,0
BRDA:135,8,0,0
BRDA:135,8,1,0
BRDA:137,9,0,0
BRDA:137,9,1,0
BRDA:140,10,0,0
BRDA:140,10,1,0
BRDA:164,11,0,0
BRDA:164,11,1,0
BRDA:169,12,0,0
BRDA:169,12,1,0
BRDA:187,13,0,0
BRDA:190,14,0,0
BRDA:190,14,1,0
BRDA:195,15,0,0
BRDA:195,15,1,0
BRDA:200,16,0,0
BRDA:200,16,1,0
BRDA:220,17,0,0
BRDA:220,17,1,0
BRDA:225,18,0,0
BRDA:225,18,1,0
BRDA:242,19,0,0
BRDA:247,20,0,0
BRDA:247,20,1,0
BRDA:252,21,0,0
BRDA:252,21,1,0
BRDA:274,22,0,0
BRDA:274,22,1,0
BRDA:279,23,0,0
BRDA:279,23,1,0
BRDA:300,24,0,0
BRDA:300,24,1,0
BRDA:305,25,0,0
BRDA:305,25,1,0
BRDA:326,26,0,0
BRDA:326,26,1,0
BRDA:331,27,0,0
BRDA:331,27,1,0
BRF:53
BRH:0
end_of_record
TN:
SF:electron/services/gitlabService.ts
FN:56,getGitLabProjectInfo
FN:84,getToken
FN:99,gitlabRequest
FN:128,registerGitLabHandlers
FN:130,(anonymous_4)
FN:135,(anonymous_5)
FN:163,(anonymous_6)
FN:191,(anonymous_7)
FN:227,(anonymous_8)
FN:256,(anonymous_9)
FN:285,(anonymous_10)
FNF:11
FNH:0
FNDA:0,getGitLabProjectInfo
FNDA:0,getToken
FNDA:0,gitlabRequest
FNDA:0,registerGitLabHandlers
FNDA:0,(anonymous_4)
FNDA:0,(anonymous_5)
FNDA:0,(anonymous_6)
FNDA:0,(anonymous_7)
FNDA:0,(anonymous_8)
FNDA:0,(anonymous_9)
FNDA:0,(anonymous_10)
DA:10,0
DA:57,0
DA:58,0
DA:59,0
DA:62,0
DA:67,0
DA:68,0
DA:70,0
DA:71,0
DA:72,0
DA:75,0
DA:77,0
DA:85,0
DA:86,0
DA:89,0
DA:90,0
DA:93,0
DA:106,0
DA:108,0
DA:117,0
DA:118,0
DA:119,0
DA:122,0
DA:130,0
DA:131,0
DA:135,0
DA:142,0
DA:143,0
DA:144,0
DA:147,0
DA:148,0
DA:149,0
DA:152,0
DA:153,0
DA:159,0
DA:163,0
DA:170,0
DA:171,0
DA:172,0
DA:175,0
DA:176,0
DA:177,0
DA:180,0
DA:181,0
DA:187,0
DA:191,0
DA:199,0
DA:200,0
DA:201,0
DA:204,0
DA:205,0
DA:206,0
DA:209,0
DA:210,0
DA:211,0
DA:212,0
DA:215,0
DA:223,0
DA:227,0
DA:234,0
DA:235,0
DA:236,0
DA:239,0
DA:240,0
DA:241,0
DA:244,0
DA:245,0
DA:252,0
DA:256,0
DA:263,0
DA:264,0
DA:265,0
DA:268,0
DA:269,0
DA:270,0
DA:273,0
DA:274,0
DA:281,0
DA:285,0
DA:292,0
DA:293,0
DA:294,0
DA:297,0
DA:298,0
DA:299,0
DA:302,0
DA:303,0
DA:305,0
DA:311,0
DA:312,0
DA:315,0
LF:91
LH:0
BRDA:70,0,0,0
BRDA:70,0,1,0
BRDA:71,1,0,0
BRDA:71,1,1,0
BRDA:85,2,0,0
BRDA:85,2,1,0
BRDA:89,3,0,0
BRDA:89,3,1,0
BRDA:103,4,0,0
BRDA:114,5,0,0
BRDA:114,5,1,0
BRDA:117,6,0,0
BRDA:117,6,1,0
BRDA:140,7,0,0
BRDA:143,8,0,0
BRDA:143,8,1,0
BRDA:148,9,0,0
BRDA:148,9,1,0
BRDA:171,10,0,0
BRDA:171,10,1,0
BRDA:176,11,0,0
BRDA:176,11,1,0
BRDA:195,12,0,0
BRDA:200,13,0,0
BRDA:200,13,1,0
BRDA:205,14,0,0
BRDA:205,14,1,0
BRDA:211,15,0,0
BRDA:211,15,1,0
BRDA:211,16,0,0
BRDA:211,16,1,0
BRDA:235,17,0,0
BRDA:235,17,1,0
BRDA:240,18,0,0
BRDA:240,18,1,0
BRDA:264,19,0,0
BRDA:264,19,1,0
BRDA:269,20,0,0
BRDA:269,20,1,0
BRDA:293,21,0,0
BRDA:293,21,1,0
BRDA:298,22,0,0
BRDA:298,22,1,0
BRDA:311,23,0,0
BRDA:311,23,1,0
BRF:45
BRH:0
end_of_record
TN:
SF:electron/services/intelligenceService.ts
FN:210,(anonymous_0)
FN:233,(anonymous_1)
FN:239,(anonymous_2)
FN:243,(anonymous_3)
FN:280,(anonymous_4)
FN:297,(anonymous_5)
FN:362,(anonymous_6)
FN:364,(anonymous_7)
FN:365,(anonymous_8)
FN:369,(anonymous_9)
FN:386,(anonymous_10)
FN:387,(anonymous_11)
FN:388,(anonymous_12)
FN:389,(anonymous_13)
FN:393,(anonymous_14)
FN:406,(anonymous_15)
FN:411,(anonymous_16)
FN:417,(anonymous_17)
FN:438,(anonymous_18)
FN:486,(anonymous_19)
FN:493,(anonymous_20)
FN:505,(anonymous_21)
FN:536,(anonymous_22)
FN:544,(anonymous_23)
FN:561,(anonymous_24)
FN:588,(anonymous_25)
FN:611,(anonymous_26)
FN:619,(anonymous_27)
FN:621,(anonymous_28)
FN:624,(anonymous_29)
FN:641,(anonymous_30)
FN:660,(anonymous_31)
FN:666,(anonymous_32)
FN:687,(anonymous_33)
FN:704,(anonymous_34)
FN:738,(anonymous_35)
FN:772,(anonymous_36)
FN:817,(anonymous_37)
FN:827,(anonymous_38)
FN:838,(anonymous_39)
FN:853,(anonymous_40)
FN:860,(anonymous_41)
FN:889,(anonymous_42)
FN:898,(anonymous_43)
FN:905,detectLanguage
FN:910,getLanguageTier
FN:914,isNativeLanguage
FN:932,(anonymous_47)
FN:937,(anonymous_48)
FN:941,(anonymous_49)
FN:944,(anonymous_50)
FN:960,(anonymous_51)
FN:969,(anonymous_52)
FN:993,(anonymous_53)
FN:1003,(anonymous_54)
FN:1013,(anonymous_55)
FN:1028,registerIntelligenceHandlers
FN:1032,(anonymous_57)
FN:1036,(anonymous_58)
FN:1041,(anonymous_59)
FN:1051,(anonymous_60)
FN:1062,(anonymous_61)
FN:1067,(anonymous_62)
FN:1078,(anonymous_63)
FN:1089,(anonymous_64)
FN:1100,(anonymous_65)
FN:1111,(anonymous_66)
FN:1122,(anonymous_67)
FN:1133,(anonymous_68)
FN:1144,(anonymous_69)
FN:1155,(anonymous_70)
FN:1166,(anonymous_71)
FN:1177,(anonymous_72)
FN:1187,(anonymous_73)
FN:1216,(anonymous_74)
FN:1226,(anonymous_75)
FN:1292,(anonymous_76)
FN:1326,(anonymous_77)
FN:1336,(anonymous_78)
FN:1346,(anonymous_79)
FN:1358,analyzeProjectFiles
FN:1369,walkDir
FNF:82
FNH:0
FNDA:0,(anonymous_0)
FNDA:0,(anonymous_1)
FNDA:0,(anonymous_2)
FNDA:0,(anonymous_3)
FNDA:0,(anonymous_4)
FNDA:0,(anonymous_5)
FNDA:0,(anonymous_6)
FNDA:0,(anonymous_7)
FNDA:0,(anonymous_8)
FNDA:0,(anonymous_9)
FNDA:0,(anonymous_10)
FNDA:0,(anonymous_11)
FNDA:0,(anonymous_12)
FNDA:0,(anonymous_13)
FNDA:0,(anonymous_14)
FNDA:0,(anonymous_15)
FNDA:0,(anonymous_16)
FNDA:0,(anonymous_17)
FNDA:0,(anonymous_18)
FNDA:0,(anonymous_19)
FNDA:0,(anonymous_20)
FNDA:0,(anonymous_21)
FNDA:0,(anonymous_22)
FNDA:0,(anonymous_23)
FNDA:0,(anonymous_24)
FNDA:0,(anonymous_25)
FNDA:0,(anonymous_26)
FNDA:0,(anonymous_27)
FNDA:0,(anonymous_28)
FNDA:0,(anonymous_29)
FNDA:0,(anonymous_30)
FNDA:0,(anonymous_31)
FNDA:0,(anonymous_32)
FNDA:0,(anonymous_33)
FNDA:0,(anonymous_34)
FNDA:0,(anonymous_35)
FNDA:0,(anonymous_36)
FNDA:0,(anonymous_37)
FNDA:0,(anonymous_38)
FNDA:0,(anonymous_39)
FNDA:0,(anonymous_40)
FNDA:0,(anonymous_41)
FNDA:0,(anonymous_42)
FNDA:0,(anonymous_43)
FNDA:0,detectLanguage
FNDA:0,getLanguageTier
FNDA:0,isNativeLanguage
FNDA:0,(anonymous_47)
FNDA:0,(anonymous_48)
FNDA:0,(anonymous_49)
FNDA:0,(anonymous_50)
FNDA:0,(anonymous_51)
FNDA:0,(anonymous_52)
FNDA:0,(anonymous_53)
FNDA:0,(anonymous_54)
FNDA:0,(anonymous_55)
FNDA:0,registerIntelligenceHandlers
FNDA:0,(anonymous_57)
FNDA:0,(anonymous_58)
FNDA:0,(anonymous_59)
FNDA:0,(anonymous_60)
FNDA:0,(anonymous_61)
FNDA:0,(anonymous_62)
FNDA:0,(anonymous_63)
FNDA:0,(anonymous_64)
FNDA:0,(anonymous_65)
FNDA:0,(anonymous_66)
FNDA:0,(anonymous_67)
FNDA:0,(anonymous_68)
FNDA:0,(anonymous_69)
FNDA:0,(anonymous_70)
FNDA:0,(anonymous_71)
FNDA:0,(anonymous_72)
FNDA:0,(anonymous_73)
FNDA:0,(anonymous_74)
FNDA:0,(anonymous_75)
FNDA:0,(anonymous_76)
FNDA:0,(anonymous_77)
FNDA:0,(anonymous_78)
FNDA:0,(anonymous_79)
FNDA:0,analyzeProjectFiles
FNDA:0,walkDir
DA:25,0
DA:40,0
DA:204,0
DA:206,0
DA:207,0
DA:208,0
DA:211,0
DA:212,0
DA:213,0
DA:214,0
DA:217,0
DA:220,0
DA:221,0
DA:224,0
DA:234,0
DA:235,0
DA:240,0
DA:244,0
DA:245,0
DA:246,0
DA:247,0
DA:248,0
DA:249,0
DA:254,0
DA:258,0
DA:262,0
DA:281,0
DA:282,0
DA:283,0
DA:286,0
DA:288,0
DA:297,0
DA:298,0
DA:299,0
DA:300,0
DA:301,0
DA:302,0
DA:303,0
DA:304,0
DA:306,0
DA:307,0
DA:308,0
DA:309,0
DA:318,0
DA:320,0
DA:322,0
DA:332,0
DA:333,0
DA:335,0
DA:336,0
DA:337,0
DA:339,0
DA:340,0
DA:341,0
DA:342,0
DA:343,0
DA:344,0
DA:346,0
DA:357,0
DA:363,0
DA:364,0
DA:366,0
DA:367,0
DA:371,0
DA:372,0
DA:373,0
DA:376,0
DA:377,0
DA:378,0
DA:379,0
DA:384,0
DA:386,0
DA:387,0
DA:388,0
DA:390,0
DA:391,0
DA:394,0
DA:395,0
DA:396,0
DA:407,0
DA:408,0
DA:412,0
DA:418,0
DA:420,0
DA:421,0
DA:434,0
DA:435,0
DA:438,0
DA:443,0
DA:444,0
DA:453,0
DA:454,0
DA:455,0
DA:461,0
DA:474,0
DA:479,0
DA:480,0
DA:487,0
DA:489,0
DA:490,0
DA:491,0
DA:493,0
DA:498,0
DA:499,0
DA:506,0
DA:508,0
DA:509,0
DA:510,0
DA:512,0
DA:514,0
DA:515,0
DA:516,0
DA:517,0
DA:518,0
DA:527,0
DA:529,0
DA:530,0
DA:537,0
DA:538,0
DA:539,0
DA:540,0
DA:542,0
DA:544,0
DA:554,0
DA:555,0
DA:562,0
DA:564,0
DA:565,0
DA:566,0
DA:568,0
DA:571,0
DA:572,0
DA:579,0
DA:580,0
DA:586,0
DA:587,0
DA:589,0
DA:590,0
DA:591,0
DA:594,0
DA:595,0
DA:599,0
DA:604,0
DA:605,0
DA:612,0
DA:614,0
DA:615,0
DA:616,0
DA:618,0
DA:619,0
DA:621,0
DA:624,0
DA:634,0
DA:635,0
DA:642,0
DA:643,0
DA:644,0
DA:646,0
DA:660,0
DA:662,0
DA:663,0
DA:664,0
DA:665,0
DA:666,0
DA:668,0
DA:671,0
DA:680,0
DA:681,0
DA:688,0
DA:690,0
DA:691,0
DA:692,0
DA:694,0
DA:699,0
DA:700,0
DA:705,0
DA:707,0
DA:708,0
DA:715,0
DA:717,0
DA:719,0
DA:720,0
DA:721,0
DA:723,0
DA:729,0
DA:731,0
DA:732,0
DA:739,0
DA:740,0
DA:742,0
DA:743,0
DA:751,0
DA:753,0
DA:754,0
DA:755,0
DA:765,0
DA:767,0
DA:768,0
DA:773,0
DA:774,0
DA:777,0
DA:778,0
DA:780,0
DA:781,0
DA:783,0
DA:784,0
DA:792,0
DA:794,0
DA:796,0
DA:797,0
DA:798,0
DA:800,0
DA:801,0
DA:808,0
DA:810,0
DA:811,0
DA:818,0
DA:819,0
DA:820,0
DA:821,0
DA:823,0
DA:828,0
DA:829,0
DA:830,0
DA:831,0
DA:832,0
DA:834,0
DA:835,0
DA:839,0
DA:840,0
DA:841,0
DA:843,0
DA:844,0
DA:845,0
DA:847,0
DA:850,0
DA:854,0
DA:862,0
DA:883,0
DA:884,0
DA:886,0
DA:890,0
DA:891,0
DA:892,0
DA:893,0
DA:894,0
DA:899,0
DA:906,0
DA:907,0
DA:911,0
DA:915,0
DA:916,0
DA:922,0
DA:923,0
DA:924,0
DA:933,0
DA:938,0
DA:943,0
DA:944,0
DA:945,0
DA:946,0
DA:948,0
DA:951,0
DA:961,0
DA:962,0
DA:963,0
DA:964,0
DA:970,0
DA:978,0
DA:995,0
DA:996,0
DA:997,0
DA:998,0
DA:1005,0
DA:1006,0
DA:1007,0
DA:1010,0
DA:1014,0
DA:1015,0
DA:1016,0
DA:1017,0
DA:1024,0
DA:1029,0
DA:1032,0
DA:1033,0
DA:1036,0
DA:1037,0
DA:1041,0
DA:1042,0
DA:1043,0
DA:1044,0
DA:1045,0
DA:1051,0
DA:1052,0
DA:1053,0
DA:1054,0
DA:1055,0
DA:1062,0
DA:1067,0
DA:1068,0
DA:1069,0
DA:1070,0
DA:1071,0
DA:1074,0
DA:1078,0
DA:1079,0
DA:1080,0
DA:1081,0
DA:1082,0
DA:1085,0
DA:1089,0
DA:1090,0
DA:1091,0
DA:1092,0
DA:1093,0
DA:1096,0
DA:1100,0
DA:1101,0
DA:1102,0
DA:1103,0
DA:1104,0
DA:1107,0
DA:1111,0
DA:1112,0
DA:1113,0
DA:1114,0
DA:1115,0
DA:1118,0
DA:1122,0
DA:1123,0
DA:1124,0
DA:1125,0
DA:1126,0
DA:1129,0
DA:1133,0
DA:1134,0
DA:1135,0
DA:1136,0
DA:1137,0
DA:1140,0
DA:1144,0
DA:1145,0
DA:1146,0
DA:1147,0
DA:1148,0
DA:1151,0
DA:1155,0
DA:1156,0
DA:1157,0
DA:1158,0
DA:1159,0
DA:1162,0
DA:1166,0
DA:1167,0
DA:1168,0
DA:1169,0
DA:1170,0
DA:1173,0
DA:1177,0
DA:1178,0
DA:1179,0
DA:1180,0
DA:1181,0
DA:1183,0
DA:1187,0
DA:1189,0
DA:1191,0
DA:1199,0
DA:1200,0
DA:1201,0
DA:1208,0
DA:1216,0
DA:1217,0
DA:1223,0
DA:1226,0
DA:1227,0
DA:1228,0
DA:1230,0
DA:1232,0
DA:1233,0
DA:1235,0
DA:1237,0
DA:1239,0
DA:1247,0
DA:1249,0
DA:1250,0
DA:1252,0
DA:1260,0
DA:1261,0
DA:1269,0
DA:1273,0
DA:1275,0
DA:1276,0
DA:1278,0
DA:1281,0
DA:1292,0
DA:1294,0
DA:1295,0
DA:1297,0
DA:1298,0
DA:1307,0
DA:1309,0
DA:1310,0
DA:1312,0
DA:1313,0
DA:1326,0
DA:1327,0
DA:1328,0
DA:1330,0
DA:1331,0
DA:1336,0
DA:1337,0
DA:1338,0
DA:1340,0
DA:1341,0
DA:1346,0
DA:1347,0
DA:1348,0
DA:1349,0
DA:1351,0
DA:1352,0
DA:1365,0
DA:1366,0
DA:1367,0
DA:1370,0
DA:1371,0
DA:1373,0
DA:1374,0
DA:1377,0
DA:1378,0
DA:1379,0
DA:1381,0
DA:1384,0
DA:1385,0
DA:1386,0
DA:1387,0
DA:1388,0
DA:1389,0
DA:1390,0
DA:1391,0
DA:1392,0
DA:1404,0
DA:1407,0
DA:1408,0
DA:1409,0
DA:1410,0
DA:1411,0
DA:1412,0
DA:1414,0
DA:1419,0
LF:450
LH:0
BRDA:212,0,0,0
BRDA:212,0,1,0
BRDA:234,1,0,0
BRDA:234,1,1,0
BRDA:246,2,0,0
BRDA:246,2,1,0
BRDA:248,3,0,0
BRDA:248,3,1,0
BRDA:302,4,0,0
BRDA:302,4,1,0
BRDA:303,5,0,0
BRDA:303,5,1,0
BRDA:303,6,0,0
BRDA:303,6,1,0
BRDA:306,7,0,0
BRDA:306,7,1,0
BRDA:308,8,0,0
BRDA:308,8,1,0
BRDA:340,9,0,0
BRDA:340,9,1,0
BRDA:340,10,0,0
BRDA:340,10,1,0
BRDA:354,11,0,0
BRDA:354,11,1,0
BRDA:367,12,0,0
BRDA:367,12,1,0
BRDA:372,13,0,0
BRDA:372,13,1,0
BRDA:378,14,0,0
BRDA:378,14,1,0
BRDA:390,15,0,0
BRDA:390,15,1,0
BRDA:395,16,0,0
BRDA:395,16,1,0
BRDA:434,17,0,0
BRDA:434,17,1,0
BRDA:453,18,0,0
BRDA:453,18,1,0
BRDA:464,19,0,0
BRDA:464,19,1,0
BRDA:465,20,0,0
BRDA:465,20,1,0
BRDA:466,21,0,0
BRDA:466,21,1,0
BRDA:467,22,0,0
BRDA:467,22,1,0
BRDA:491,23,0,0
BRDA:491,23,1,0
BRDA:505,24,0,0
BRDA:510,25,0,0
BRDA:510,25,1,0
BRDA:517,26,0,0
BRDA:517,26,1,0
BRDA:517,27,0,0
BRDA:517,27,1,0
BRDA:545,28,0,0
BRDA:545,28,1,0
BRDA:545,29,0,0
BRDA:545,29,1,0
BRDA:566,30,0,0
BRDA:566,30,1,0
BRDA:571,31,0,0
BRDA:571,31,1,0
BRDA:579,32,0,0
BRDA:579,32,1,0
BRDA:579,33,0,0
BRDA:579,33,1,0
BRDA:586,34,0,0
BRDA:586,34,1,0
BRDA:590,35,0,0
BRDA:590,35,1,0
BRDA:594,36,0,0
BRDA:594,36,1,0
BRDA:601,37,0,0
BRDA:601,37,1,0
BRDA:616,38,0,0
BRDA:616,38,1,0
BRDA:623,39,0,0
BRDA:623,39,1,0
BRDA:626,40,0,0
BRDA:626,40,1,0
BRDA:663,41,0,0
BRDA:663,41,1,0
BRDA:665,42,0,0
BRDA:665,42,1,0
BRDA:674,43,0,0
BRDA:674,43,1,0
BRDA:692,44,0,0
BRDA:692,44,1,0
BRDA:715,45,0,0
BRDA:715,45,1,0
BRDA:720,46,0,0
BRDA:720,46,1,0
BRDA:760,47,0,0
BRDA:760,47,1,0
BRDA:778,48,0,0
BRDA:778,48,1,0
BRDA:778,49,0,0
BRDA:778,49,1,0
BRDA:792,50,0,0
BRDA:792,50,1,0
BRDA:797,51,0,0
BRDA:797,51,1,0
BRDA:819,52,0,0
BRDA:819,52,1,0
BRDA:831,53,0,0
BRDA:831,53,1,0
BRDA:834,54,0,0
BRDA:834,54,1,0
BRDA:844,55,0,0
BRDA:844,55,1,0
BRDA:883,56,0,0
BRDA:883,56,1,0
BRDA:886,57,0,0
BRDA:886,57,1,0
BRDA:890,58,0,0
BRDA:890,58,1,0
BRDA:890,58,2,0
BRDA:890,58,3,0
BRDA:907,59,0,0
BRDA:907,59,1,0
BRDA:911,60,0,0
BRDA:911,60,1,0
BRDA:943,61,0,0
BRDA:943,61,1,0
BRDA:961,62,0,0
BRDA:961,62,1,0
BRDA:963,63,0,0
BRDA:963,63,1,0
BRDA:973,64,0,0
BRDA:973,64,1,0
BRDA:996,65,0,0
BRDA:996,65,1,0
BRDA:1006,66,0,0
BRDA:1006,66,1,0
BRDA:1014,67,0,0
BRDA:1014,67,1,0
BRDA:1016,68,0,0
BRDA:1016,68,1,0
BRDA:1042,69,0,0
BRDA:1042,69,1,0
BRDA:1044,70,0,0
BRDA:1044,70,1,0
BRDA:1052,71,0,0
BRDA:1052,71,1,0
BRDA:1054,72,0,0
BRDA:1054,72,1,0
BRDA:1068,73,0,0
BRDA:1068,73,1,0
BRDA:1070,74,0,0
BRDA:1070,74,1,0
BRDA:1079,75,0,0
BRDA:1079,75,1,0
BRDA:1081,76,0,0
BRDA:1081,76,1,0
BRDA:1090,77,0,0
BRDA:1090,77,1,0
BRDA:1092,78,0,0
BRDA:1092,78,1,0
BRDA:1101,79,0,0
BRDA:1101,79,1,0
BRDA:1103,80,0,0
BRDA:1103,80,1,0
BRDA:1112,81,0,0
BRDA:1112,81,1,0
BRDA:1114,82,0,0
BRDA:1114,82,1,0
BRDA:1123,83,0,0
BRDA:1123,83,1,0
BRDA:1125,84,0,0
BRDA:1125,84,1,0
BRDA:1134,85,0,0
BRDA:1134,85,1,0
BRDA:1136,86,0,0
BRDA:1136,86,1,0
BRDA:1145,87,0,0
BRDA:1145,87,1,0
BRDA:1147,88,0,0
BRDA:1147,88,1,0
BRDA:1156,89,0,0
BRDA:1156,89,1,0
BRDA:1158,90,0,0
BRDA:1158,90,1,0
BRDA:1167,91,0,0
BRDA:1167,91,1,0
BRDA:1169,92,0,0
BRDA:1169,92,1,0
BRDA:1178,93,0,0
BRDA:1178,93,1,0
BRDA:1180,94,0,0
BRDA:1180,94,1,0
BRDA:1189,95,0,0
BRDA:1189,95,1,0
BRDA:1189,96,0,0
BRDA:1189,96,1,0
BRDA:1189,96,2,0
BRDA:1189,96,3,0
BRDA:1200,97,0,0
BRDA:1200,97,1,0
BRDA:1233,98,0,0
BRDA:1233,98,1,0
BRDA:1237,99,0,0
BRDA:1237,99,1,0
BRDA:1297,100,0,0
BRDA:1297,100,1,0
BRDA:1377,101,0,0
BRDA:1377,101,1,0
BRDA:1378,102,0,0
BRDA:1378,102,1,0
BRDA:1384,103,0,0
BRDA:1384,103,1,0
BRDA:1387,104,0,0
BRDA:1387,104,1,0
BRDA:1412,105,0,0
BRDA:1412,105,1,0
BRDA:1413,106,0,0
BRDA:1413,106,1,0
BRF:217
BRH:0
end_of_record
TN:
SF:electron/services/languageDaemonHandlers.ts
FN:10,registerLanguageDaemonHandlers
FN:16,(anonymous_1)
FN:26,(anonymous_2)
FN:36,(anonymous_3)
FN:43,(anonymous_4)
FN:53,(anonymous_5)
FN:58,(anonymous_6)
FN:65,(anonymous_7)
FN:75,(anonymous_8)
FN:85,(anonymous_9)
FN:95,(anonymous_10)
FN:105,(anonymous_11)
FN:115,(anonymous_12)
FN:125,(anonymous_13)
FN:137,(anonymous_14)
FN:147,(anonymous_15)
FN:159,(anonymous_16)
FN:176,(anonymous_17)
FN:194,(anonymous_18)
FN:212,(anonymous_19)
FN:229,(anonymous_20)
FN:248,(anonymous_21)
FN:258,(anonymous_22)
FN:268,(anonymous_23)
FN:278,(anonymous_24)
FNF:25
FNH:0
FNDA:0,registerLanguageDaemonHandlers
FNDA:0,(anonymous_1)
FNDA:0,(anonymous_2)
FNDA:0,(anonymous_3)
FNDA:0,(anonymous_4)
FNDA:0,(anonymous_5)
FNDA:0,(anonymous_6)
FNDA:0,(anonymous_7)
FNDA:0,(anonymous_8)
FNDA:0,(anonymous_9)
FNDA:0,(anonymous_10)
FNDA:0,(anonymous_11)
FNDA:0,(anonymous_12)
FNDA:0,(anonymous_13)
FNDA:0,(anonymous_14)
FNDA:0,(anonymous_15)
FNDA:0,(anonymous_16)
FNDA:0,(anonymous_17)
FNDA:0,(anonymous_18)
FNDA:0,(anonymous_19)
FNDA:0,(anonymous_20)
FNDA:0,(anonymous_21)
FNDA:0,(anonymous_22)
FNDA:0,(anonymous_23)
FNDA:0,(anonymous_24)
DA:11,0
DA:16,0
DA:17,0
DA:18,0
DA:19,0
DA:21,0
DA:26,0
DA:27,0
DA:28,0
DA:29,0
DA:31,0
DA:36,0
DA:37,0
DA:43,0
DA:44,0
DA:45,0
DA:46,0
DA:48,0
DA:53,0
DA:54,0
DA:58,0
DA:59,0
DA:65,0
DA:66,0
DA:67,0
DA:69,0
DA:70,0
DA:75,0
DA:76,0
DA:77,0
DA:79,0
DA:80,0
DA:85,0
DA:86,0
DA:87,0
DA:89,0
DA:90,0
DA:95,0
DA:96,0
DA:97,0
DA:99,0
DA:100,0
DA:105,0
DA:106,0
DA:107,0
DA:109,0
DA:110,0
DA:115,0
DA:116,0
DA:117,0
DA:119,0
DA:120,0
DA:125,0
DA:126,0
DA:127,0
DA:129,0
DA:130,0
DA:137,0
DA:138,0
DA:139,0
DA:141,0
DA:142,0
DA:147,0
DA:148,0
DA:149,0
DA:151,0
DA:152,0
DA:159,0
DA:167,0
DA:168,0
DA:170,0
DA:171,0
DA:176,0
DA:185,0
DA:186,0
DA:188,0
DA:189,0
DA:194,0
DA:203,0
DA:204,0
DA:206,0
DA:207,0
DA:212,0
DA:220,0
DA:221,0
DA:223,0
DA:224,0
DA:229,0
DA:237,0
DA:238,0
DA:240,0
DA:241,0
DA:248,0
DA:249,0
DA:250,0
DA:252,0
DA:253,0
DA:258,0
DA:259,0
DA:260,0
DA:262,0
DA:263,0
DA:268,0
DA:269,0
DA:270,0
DA:272,0
DA:273,0
DA:278,0
DA:279,0
DA:280,0
DA:282,0
DA:283,0
LF:112
LH:0
BRF:0
BRH:0
end_of_record
TN:
SF:electron/services/languageDaemonService.ts
FN:47,(anonymous_0)
FN:53,(anonymous_1)
FN:70,(anonymous_2)
FN:71,(anonymous_3)
FN:74,(anonymous_4)
FN:75,(anonymous_5)
FN:102,(anonymous_6)
FN:118,(anonymous_7)
FN:148,(anonymous_8)
FN:174,(anonymous_9)
FN:193,(anonymous_10)
FN:209,(anonymous_11)
FN:216,(anonymous_12)
FN:222,(anonymous_13)
FN:238,(anonymous_14)
FN:239,(anonymous_15)
FN:250,(anonymous_16)
FN:265,(anonymous_17)
FN:273,(anonymous_18)
FN:273,(anonymous_19)
FN:281,(anonymous_20)
FN:290,(anonymous_21)
FN:308,(anonymous_22)
FN:315,(anonymous_23)
FN:329,(anonymous_24)
FN:345,(anonymous_25)
FN:356,(anonymous_26)
FN:366,(anonymous_27)
FN:376,(anonymous_28)
FN:386,(anonymous_29)
FN:396,(anonymous_30)
FN:405,(anonymous_31)
FN:412,(anonymous_32)
FN:422,(anonymous_33)
FN:433,(anonymous_34)
FN:444,(anonymous_35)
FN:463,(anonymous_36)
FN:484,(anonymous_37)
FN:505,(anonymous_38)
FN:524,(anonymous_39)
FN:545,(anonymous_40)
FN:554,(anonymous_41)
FN:561,(anonymous_42)
FN:568,(anonymous_43)
FN:581,getLanguageDaemonService
FN:589,cleanupLanguageDaemon
FNF:46
FNH:0
FNDA:0,(anonymous_0)
FNDA:0,(anonymous_1)
FNDA:0,(anonymous_2)
FNDA:0,(anonymous_3)
FNDA:0,(anonymous_4)
FNDA:0,(anonymous_5)
FNDA:0,(anonymous_6)
FNDA:0,(anonymous_7)
FNDA:0,(anonymous_8)
FNDA:0,(anonymous_9)
FNDA:0,(anonymous_10)
FNDA:0,(anonymous_11)
FNDA:0,(anonymous_12)
FNDA:0,(anonymous_13)
FNDA:0,(anonymous_14)
FNDA:0,(anonymous_15)
FNDA:0,(anonymous_16)
FNDA:0,(anonymous_17)
FNDA:0,(anonymous_18)
FNDA:0,(anonymous_19)
FNDA:0,(anonymous_20)
FNDA:0,(anonymous_21)
FNDA:0,(anonymous_22)
FNDA:0,(anonymous_23)
FNDA:0,(anonymous_24)
FNDA:0,(anonymous_25)
FNDA:0,(anonymous_26)
FNDA:0,(anonymous_27)
FNDA:0,(anonymous_28)
FNDA:0,(anonymous_29)
FNDA:0,(anonymous_30)
FNDA:0,(anonymous_31)
FNDA:0,(anonymous_32)
FNDA:0,(anonymous_33)
FNDA:0,(anonymous_34)
FNDA:0,(anonymous_35)
FNDA:0,(anonymous_36)
FNDA:0,(anonymous_37)
FNDA:0,(anonymous_38)
FNDA:0,(anonymous_39)
FNDA:0,(anonymous_40)
FNDA:0,(anonymous_41)
FNDA:0,(anonymous_42)
FNDA:0,(anonymous_43)
FNDA:0,getLanguageDaemonService
FNDA:0,cleanupLanguageDaemon
DA:36,0
DA:37,0
DA:38,0
DA:39,0
DA:40,0
DA:41,0
DA:42,0
DA:44,0
DA:45,0
DA:48,0
DA:49,0
DA:54,0
DA:55,0
DA:56,0
DA:59,0
DA:60,0
DA:62,0
DA:64,0
DA:65,0
DA:70,0
DA:71,0
DA:72,0
DA:74,0
DA:75,0
DA:78,0
DA:84,0
DA:87,0
DA:89,0
DA:90,0
DA:93,0
DA:96,0
DA:97,0
DA:103,0
DA:104,0
DA:105,0
DA:107,0
DA:109,0
DA:113,0
DA:119,0
DA:121,0
DA:122,0
DA:123,0
DA:124,0
DA:126,0
DA:127,0
DA:128,0
DA:129,0
DA:130,0
DA:133,0
DA:134,0
DA:137,0
DA:139,0
DA:140,0
DA:141,0
DA:143,0
DA:149,0
DA:150,0
DA:152,0
DA:154,0
DA:155,0
DA:156,0
DA:157,0
DA:158,0
DA:159,0
DA:161,0
DA:164,0
DA:166,0
DA:169,0
DA:175,0
DA:177,0
DA:179,0
DA:180,0
DA:182,0
DA:183,0
DA:185,0
DA:186,0
DA:188,0
DA:194,0
DA:195,0
DA:198,0
DA:199,0
DA:200,0
DA:201,0
DA:205,0
DA:206,0
DA:207,0
DA:208,0
DA:209,0
DA:210,0
DA:211,0
DA:217,0
DA:218,0
DA:223,0
DA:224,0
DA:227,0
DA:228,0
DA:235,0
DA:236,0
DA:238,0
DA:239,0
DA:240,0
DA:241,0
DA:244,0
DA:245,0
DA:251,0
DA:253,0
DA:259,0
DA:260,0
DA:261,0
DA:266,0
DA:268,0
DA:270,0
DA:271,0
DA:273,0
DA:275,0
DA:281,0
DA:283,0
DA:284,0
DA:285,0
DA:291,0
DA:292,0
DA:293,0
DA:302,0
DA:309,0
DA:316,0
DA:317,0
DA:319,0
DA:320,0
DA:323,0
DA:330,0
DA:331,0
DA:332,0
DA:333,0
DA:336,0
DA:338,0
DA:346,0
DA:348,0
DA:350,0
DA:357,0
DA:359,0
DA:367,0
DA:369,0
DA:377,0
DA:379,0
DA:387,0
DA:389,0
DA:397,0
DA:399,0
DA:406,0
DA:408,0
DA:413,0
DA:415,0
DA:423,0
DA:425,0
DA:434,0
DA:436,0
DA:451,0
DA:453,0
DA:471,0
DA:473,0
DA:492,0
DA:494,0
DA:512,0
DA:514,0
DA:531,0
DA:533,0
DA:546,0
DA:548,0
DA:555,0
DA:557,0
DA:562,0
DA:564,0
DA:569,0
DA:571,0
DA:578,0
DA:582,0
DA:583,0
DA:585,0
DA:590,0
DA:591,0
DA:592,0
LF:181
LH:0
BRDA:54,0,0,0
BRDA:54,0,1,0
BRDA:104,1,0,0
BRDA:104,1,1,0
BRDA:107,2,0,0
BRDA:107,2,1,0
BRDA:122,3,0,0
BRDA:122,3,1,0
BRDA:124,4,0,0
BRDA:124,4,1,0
BRDA:128,5,0,0
BRDA:128,5,1,0
BRDA:137,6,0,0
BRDA:137,6,1,0
BRDA:152,7,0,0
BRDA:152,7,1,0
BRDA:152,8,0,0
BRDA:152,8,1,0
BRDA:152,8,2,0
BRDA:155,9,0,0
BRDA:155,9,1,0
BRDA:158,10,0,0
BRDA:158,10,1,0
BRDA:164,11,0,0
BRDA:164,11,1,0
BRDA:177,12,0,0
BRDA:177,12,1,0
BRDA:177,12,2,0
BRDA:179,13,0,0
BRDA:179,13,1,0
BRDA:205,14,0,0
BRDA:205,14,1,0
BRDA:205,15,0,0
BRDA:205,15,1,0
BRDA:210,16,0,0
BRDA:210,16,1,0
BRDA:222,17,0,0
BRDA:223,18,0,0
BRDA:223,18,1,0
BRDA:251,19,0,0
BRDA:251,19,1,0
BRDA:266,20,0,0
BRDA:266,20,1,0
BRDA:283,21,0,0
BRDA:283,21,1,0
BRDA:319,22,0,0
BRDA:319,22,1,0
BRDA:331,23,0,0
BRDA:331,23,1,0
BRDA:336,24,0,0
BRDA:336,24,1,0
BRDA:339,25,0,0
BRDA:339,25,1,0
BRDA:348,26,0,0
BRDA:348,26,1,0
BRDA:357,27,0,0
BRDA:357,27,1,0
BRDA:367,28,0,0
BRDA:367,28,1,0
BRDA:377,29,0,0
BRDA:377,29,1,0
BRDA:387,30,0,0
BRDA:387,30,1,0
BRDA:397,31,0,0
BRDA:397,31,1,0
BRDA:406,32,0,0
BRDA:406,32,1,0
BRDA:413,33,0,0
BRDA:413,33,1,0
BRDA:423,34,0,0
BRDA:423,34,1,0
BRDA:434,35,0,0
BRDA:434,35,1,0
BRDA:451,36,0,0
BRDA:451,36,1,0
BRDA:471,37,0,0
BRDA:471,37,1,0
BRDA:492,38,0,0
BRDA:492,38,1,0
BRDA:512,39,0,0
BRDA:512,39,1,0
BRDA:531,40,0,0
BRDA:531,40,1,0
BRDA:546,41,0,0
BRDA:546,41,1,0
BRDA:555,42,0,0
BRDA:555,42,1,0
BRDA:562,43,0,0
BRDA:562,43,1,0
BRDA:569,44,0,0
BRDA:569,44,1,0
BRDA:582,45,0,0
BRDA:582,45,1,0
BRDA:590,46,0,0
BRDA:590,46,1,0
BRF:95
BRH:0
end_of_record
TN:
SF:electron/services/lspServerManager.ts
FN:113,(anonymous_0)
FN:120,(anonymous_1)
FN:133,(anonymous_2)
FN:140,(anonymous_3)
FN:147,(anonymous_4)
FN:203,(anonymous_5)
FN:217,(anonymous_6)
FN:231,(anonymous_7)
FN:232,(anonymous_8)
FN:239,(anonymous_9)
FN:247,(anonymous_10)
FN:260,(anonymous_11)
FN:279,(anonymous_12)
FN:280,(anonymous_13)
FN:296,(anonymous_14)
FN:314,(anonymous_15)
FN:318,(anonymous_16)
FN:320,(anonymous_17)
FN:325,(anonymous_18)
FN:329,(anonymous_19)
FN:336,(anonymous_20)
FN:347,(anonymous_21)
FN:395,(anonymous_22)
FN:427,(anonymous_23)
FN:448,(anonymous_24)
FN:535,(anonymous_25)
FN:560,(anonymous_26)
FN:596,(anonymous_27)
FN:608,getLSPServerManager
FN:618,registerLSPHandlers
FN:625,(anonymous_30)
FN:630,(anonymous_31)
FN:635,(anonymous_32)
FN:640,(anonymous_33)
FN:645,(anonymous_34)
FN:650,(anonymous_35)
FN:655,(anonymous_36)
FN:660,(anonymous_37)
FNF:38
FNH:0
FNDA:0,(anonymous_0)
FNDA:0,(anonymous_1)
FNDA:0,(anonymous_2)
FNDA:0,(anonymous_3)
FNDA:0,(anonymous_4)
FNDA:0,(anonymous_5)
FNDA:0,(anonymous_6)
FNDA:0,(anonymous_7)
FNDA:0,(anonymous_8)
FNDA:0,(anonymous_9)
FNDA:0,(anonymous_10)
FNDA:0,(anonymous_11)
FNDA:0,(anonymous_12)
FNDA:0,(anonymous_13)
FNDA:0,(anonymous_14)
FNDA:0,(anonymous_15)
FNDA:0,(anonymous_16)
FNDA:0,(anonymous_17)
FNDA:0,(anonymous_18)
FNDA:0,(anonymous_19)
FNDA:0,(anonymous_20)
FNDA:0,(anonymous_21)
FNDA:0,(anonymous_22)
FNDA:0,(anonymous_23)
FNDA:0,(anonymous_24)
FNDA:0,(anonymous_25)
FNDA:0,(anonymous_26)
FNDA:0,(anonymous_27)
FNDA:0,getLSPServerManager
FNDA:0,registerLSPHandlers
FNDA:0,(anonymous_30)
FNDA:0,(anonymous_31)
FNDA:0,(anonymous_32)
FNDA:0,(anonymous_33)
FNDA:0,(anonymous_34)
FNDA:0,(anonymous_35)
FNDA:0,(anonymous_36)
FNDA:0,(anonymous_37)
DA:47,0
DA:100,0
DA:101,0
DA:102,0
DA:105,0
DA:111,0
DA:114,0
DA:121,0
DA:122,0
DA:134,0
DA:141,0
DA:148,0
DA:149,0
DA:150,0
DA:151,0
DA:154,0
DA:155,0
DA:158,0
DA:159,0
DA:161,0
DA:163,0
DA:164,0
DA:165,0
DA:169,0
DA:174,0
DA:181,0
DA:184,0
DA:186,0
DA:187,0
DA:188,0
DA:189,0
DA:192,0
DA:193,0
DA:194,0
DA:195,0
DA:196,0
DA:204,0
DA:205,0
DA:207,0
DA:209,0
DA:211,0
DA:217,0
DA:218,0
DA:219,0
DA:223,0
DA:224,0
DA:225,0
DA:232,0
DA:233,0
DA:240,0
DA:241,0
DA:248,0
DA:249,0
DA:250,0
DA:251,0
DA:254,0
DA:266,0
DA:267,0
DA:268,0
DA:271,0
DA:272,0
DA:279,0
DA:280,0
DA:281,0
DA:282,0
DA:285,0
DA:287,0
DA:288,0
DA:289,0
DA:297,0
DA:298,0
DA:300,0
DA:306,0
DA:307,0
DA:308,0
DA:315,0
DA:316,0
DA:318,0
DA:319,0
DA:320,0
DA:321,0
DA:325,0
DA:326,0
DA:329,0
DA:330,0
DA:331,0
DA:332,0
DA:333,0
DA:336,0
DA:337,0
DA:338,0
DA:339,0
DA:340,0
DA:352,0
DA:353,0
DA:354,0
DA:355,0
DA:358,0
DA:359,0
DA:360,0
DA:361,0
DA:362,0
DA:365,0
DA:366,0
DA:367,0
DA:369,0
DA:370,0
DA:371,0
DA:374,0
DA:375,0
DA:377,0
DA:378,0
DA:379,0
DA:381,0
DA:385,0
DA:386,0
DA:388,0
DA:403,0
DA:404,0
DA:405,0
DA:406,0
DA:407,0
DA:409,0
DA:410,0
DA:412,0
DA:415,0
DA:419,0
DA:420,0
DA:428,0
DA:430,0
DA:431,0
DA:434,0
DA:435,0
DA:437,0
DA:438,0
DA:441,0
DA:449,0
DA:535,0
DA:546,0
DA:551,0
DA:554,0
DA:562,0
DA:563,0
DA:567,0
DA:568,0
DA:569,0
DA:573,0
DA:574,0
DA:575,0
DA:576,0
DA:577,0
DA:580,0
DA:581,0
DA:582,0
DA:583,0
DA:584,0
DA:590,0
DA:597,0
DA:606,0
DA:609,0
DA:610,0
DA:612,0
DA:619,0
DA:620,0
DA:621,0
DA:625,0
DA:626,0
DA:630,0
DA:631,0
DA:635,0
DA:636,0
DA:640,0
DA:641,0
DA:645,0
DA:646,0
DA:650,0
DA:651,0
DA:655,0
DA:656,0
DA:660,0
DA:661,0
LF:181
LH:0
BRDA:149,0,0,0
BRDA:149,0,1,0
BRDA:154,1,0,0
BRDA:154,1,1,0
BRDA:164,2,0,0
BRDA:164,2,1,0
BRDA:176,3,0,0
BRDA:176,3,1,0
BRDA:193,4,0,0
BRDA:193,4,1,0
BRDA:205,5,0,0
BRDA:205,5,1,0
BRDA:205,6,0,0
BRDA:205,6,1,0
BRDA:218,7,0,0
BRDA:218,7,1,0
BRDA:218,8,0,0
BRDA:218,8,1,0
BRDA:241,9,0,0
BRDA:241,9,1,0
BRDA:250,10,0,0
BRDA:250,10,1,0
BRDA:264,11,0,0
BRDA:267,12,0,0
BRDA:267,12,1,0
BRDA:298,13,0,0
BRDA:298,13,1,0
BRDA:353,14,0,0
BRDA:353,14,1,0
BRDA:360,15,0,0
BRDA:360,15,1,0
BRDA:369,16,0,0
BRDA:369,16,1,0
BRDA:385,17,0,0
BRDA:385,17,1,0
BRDA:403,18,0,0
BRDA:403,18,1,0
BRDA:403,19,0,0
BRDA:403,19,1,0
BRDA:405,20,0,0
BRDA:405,20,1,0
BRDA:409,21,0,0
BRDA:409,21,1,0
BRDA:419,22,0,0
BRDA:419,22,1,0
BRDA:428,23,0,0
BRDA:428,23,1,0
BRDA:428,23,2,0
BRDA:428,23,3,0
BRDA:428,23,4,0
BRDA:451,24,0,0
BRDA:451,24,1,0
BRDA:562,25,0,0
BRDA:562,25,1,0
BRDA:562,26,0,0
BRDA:562,26,1,0
BRDA:568,27,0,0
BRDA:568,27,1,0
BRDA:573,28,0,0
BRDA:573,28,1,0
BRDA:576,29,0,0
BRDA:576,29,1,0
BRDA:580,30,0,0
BRDA:580,30,1,0
BRDA:583,31,0,0
BRDA:583,31,1,0
BRDA:609,32,0,0
BRDA:609,32,1,0
BRDA:620,33,0,0
BRDA:620,33,1,0
BRF:70
BRH:0
end_of_record
TN:
SF:electron/services/memoryMonitorService.ts
FN:69,(anonymous_0)
FN:76,(anonymous_1)
FN:83,(anonymous_2)
FN:91,(anonymous_3)
FN:101,(anonymous_4)
FN:115,(anonymous_5)
FN:137,(anonymous_6)
FN:153,(anonymous_7)
FN:199,(anonymous_8)
FN:219,(anonymous_9)
FN:229,(anonymous_10)
FN:241,(anonymous_11)
FN:254,(anonymous_12)
FN:265,registerMemoryMonitorHandlers
FN:269,(anonymous_14)
FN:275,(anonymous_15)
FN:281,(anonymous_16)
FN:286,(anonymous_17)
FN:292,(anonymous_18)
FN:297,(anonymous_19)
FN:306,getMemoryMonitor
FN:313,startMemoryMonitoring
FNF:22
FNH:0
FNDA:0,(anonymous_0)
FNDA:0,(anonymous_1)
FNDA:0,(anonymous_2)
FNDA:0,(anonymous_3)
FNDA:0,(anonymous_4)
FNDA:0,(anonymous_5)
FNDA:0,(anonymous_6)
FNDA:0,(anonymous_7)
FNDA:0,(anonymous_8)
FNDA:0,(anonymous_9)
FNDA:0,(anonymous_10)
FNDA:0,(anonymous_11)
FNDA:0,(anonymous_12)
FNDA:0,registerMemoryMonitorHandlers
FNDA:0,(anonymous_14)
FNDA:0,(anonymous_15)
FNDA:0,(anonymous_16)
FNDA:0,(anonymous_17)
FNDA:0,(anonymous_18)
FNDA:0,(anonymous_19)
FNDA:0,getMemoryMonitor
FNDA:0,startMemoryMonitoring
DA:49,0
DA:63,0
DA:64,0
DA:65,0
DA:66,0
DA:67,0
DA:70,0
DA:77,0
DA:84,0
DA:85,0
DA:88,0
DA:91,0
DA:92,0
DA:95,0
DA:102,0
DA:104,0
DA:105,0
DA:106,0
DA:109,0
DA:116,0
DA:117,0
DA:119,0
DA:120,0
DA:122,0
DA:138,0
DA:139,0
DA:141,0
DA:142,0
DA:144,0
DA:145,0
DA:147,0
DA:154,0
DA:155,0
DA:158,0
DA:161,0
DA:162,0
DA:164,0
DA:168,0
DA:176,0
DA:177,0
DA:184,0
DA:185,0
DA:189,0
DA:190,0
DA:193,0
DA:200,0
DA:201,0
DA:205,0
DA:206,0
DA:209,0
DA:210,0
DA:213,0
DA:220,0
DA:221,0
DA:222,0
DA:230,0
DA:231,0
DA:232,0
DA:233,0
DA:242,0
DA:245,0
DA:246,0
DA:247,0
DA:255,0
DA:260,0
DA:266,0
DA:269,0
DA:270,0
DA:271,0
DA:275,0
DA:276,0
DA:277,0
DA:281,0
DA:282,0
DA:286,0
DA:287,0
DA:288,0
DA:292,0
DA:293,0
DA:297,0
DA:298,0
DA:299,0
DA:307,0
DA:314,0
DA:315,0
LF:85
LH:0
BRDA:69,0,0,0
BRDA:84,1,0,0
BRDA:84,1,1,0
BRDA:104,2,0,0
BRDA:104,2,1,0
BRDA:120,3,0,0
BRDA:120,3,1,0
BRDA:138,4,0,0
BRDA:138,4,1,0
BRDA:141,5,0,0
BRDA:141,5,1,0
BRDA:144,6,0,0
BRDA:144,6,1,0
BRDA:161,7,0,0
BRDA:161,7,1,0
BRDA:161,8,0,0
BRDA:161,8,1,0
BRDA:176,9,0,0
BRDA:176,9,1,0
BRDA:176,10,0,0
BRDA:176,10,1,0
BRDA:184,11,0,0
BRDA:184,11,1,0
BRDA:184,12,0,0
BRDA:184,12,1,0
BRDA:184,12,2,0
BRDA:189,13,0,0
BRDA:189,13,1,0
BRDA:189,14,0,0
BRDA:189,14,1,0
BRDA:200,15,0,0
BRDA:200,15,1,0
BRDA:205,16,0,0
BRDA:205,16,1,0
BRDA:205,17,0,0
BRDA:205,17,1,0
BRDA:205,17,2,0
BRDA:209,18,0,0
BRDA:209,18,1,0
BRDA:220,19,0,0
BRDA:220,19,1,0
BRDA:230,20,0,0
BRDA:230,20,1,0
BRDA:232,21,0,0
BRDA:232,21,1,0
BRDA:232,22,0,0
BRDA:232,22,1,0
BRDA:245,23,0,0
BRDA:245,23,1,0
BRF:49
BRH:0
end_of_record
TN:
SF:electron/services/projectSettingsService.ts
FN:37,(anonymous_0)
FN:44,(anonymous_1)
FN:58,(anonymous_2)
FN:87,(anonymous_3)
FN:109,(anonymous_4)
FN:124,(anonymous_5)
FN:133,(anonymous_6)
FN:157,(anonymous_7)
FNF:8
FNH:0
FNDA:0,(anonymous_0)
FNDA:0,(anonymous_1)
FNDA:0,(anonymous_2)
FNDA:0,(anonymous_3)
FNDA:0,(anonymous_4)
FNDA:0,(anonymous_5)
FNDA:0,(anonymous_6)
FNDA:0,(anonymous_7)
DA:32,0
DA:38,0
DA:45,0
DA:46,0
DA:47,0
DA:49,0
DA:50,0
DA:60,0
DA:61,0
DA:64,0
DA:66,0
DA:67,0
DA:68,0
DA:69,0
DA:70,0
DA:71,0
DA:73,0
DA:75,0
DA:76,0
DA:77,0
DA:79,0
DA:80,0
DA:88,0
DA:90,0
DA:92,0
DA:93,0
DA:94,0
DA:97,0
DA:99,0
DA:101,0
DA:102,0
DA:113,0
DA:114,0
DA:118,0
DA:125,0
DA:126,0
DA:137,0
DA:158,0
DA:159,0
DA:161,0
DA:167,0
LF:41
LH:0
BRDA:49,0,0,0
BRDA:49,0,1,0
BRDA:60,1,0,0
BRDA:60,1,1,0
BRDA:73,2,0,0
BRDA:73,2,1,0
BRDA:126,3,0,0
BRDA:126,3,1,0
BRDA:138,4,0,0
BRDA:138,4,1,0
BRDA:139,5,0,0
BRDA:139,5,1,0
BRDA:142,6,0,0
BRDA:142,6,1,0
BRDA:142,6,2,0
BRDA:146,7,0,0
BRDA:146,7,1,0
BRDA:146,7,2,0
BRDA:150,8,0,0
BRDA:150,8,1,0
BRDA:150,8,2,0
BRDA:158,9,0,0
BRDA:158,9,1,0
BRF:23
BRH:0
end_of_record
TN:
SF:electron/services/terminalService.ts
FN:30,(anonymous_0)
FN:35,getDefaultShell
FN:45,getDefaultEnv
FN:82,createTerminal
FN:111,(anonymous_4)
FN:119,(anonymous_5)
FN:137,writeToTerminal
FN:147,resizeTerminal
FN:159,destroyTerminal
FN:175,destroyAllTerminals
FN:184,getTerminalInfo
FN:195,registerTerminalHandlers
FN:199,(anonymous_12)
FN:209,(anonymous_13)
FN:214,(anonymous_14)
FN:219,(anonymous_15)
FN:225,(anonymous_16)
FN:230,(anonymous_17)
FN:238,cleanupTerminals
FNF:19
FNH:0
FNDA:0,(anonymous_0)
FNDA:0,getDefaultShell
FNDA:0,getDefaultEnv
FNDA:0,createTerminal
FNDA:0,(anonymous_4)
FNDA:0,(anonymous_5)
FNDA:0,writeToTerminal
FNDA:0,resizeTerminal
FNDA:0,destroyTerminal
FNDA:0,destroyAllTerminals
FNDA:0,getTerminalInfo
FNDA:0,registerTerminalHandlers
FNDA:0,(anonymous_12)
FNDA:0,(anonymous_13)
FNDA:0,(anonymous_14)
FNDA:0,(anonymous_15)
FNDA:0,(anonymous_16)
FNDA:0,(anonymous_17)
FNDA:0,cleanupTerminals
DA:27,0
DA:30,0
DA:36,0
DA:37,0
DA:39,0
DA:46,0
DA:49,0
DA:52,0
DA:56,0
DA:57,0
DA:66,0
DA:67,0
DA:68,0
DA:69,0
DA:70,0
DA:73,0
DA:76,0
DA:84,0
DA:85,0
DA:88,0
DA:89,0
DA:90,0
DA:91,0
DA:92,0
DA:94,0
DA:95,0
DA:104,0
DA:111,0
DA:112,0
DA:113,0
DA:114,0
DA:119,0
DA:120,0
DA:121,0
DA:122,0
DA:124,0
DA:127,0
DA:129,0
DA:130,0
DA:138,0
DA:139,0
DA:140,0
DA:148,0
DA:149,0
DA:150,0
DA:151,0
DA:152,0
DA:160,0
DA:161,0
DA:162,0
DA:163,0
DA:165,0
DA:167,0
DA:168,0
DA:176,0
DA:177,0
DA:185,0
DA:186,0
DA:187,0
DA:189,0
DA:196,0
DA:199,0
DA:200,0
DA:201,0
DA:202,0
DA:204,0
DA:209,0
DA:210,0
DA:214,0
DA:215,0
DA:219,0
DA:220,0
DA:221,0
DA:225,0
DA:226,0
DA:230,0
DA:231,0
DA:239,0
LF:78
LH:0
BRDA:36,0,0,0
BRDA:36,0,1,0
BRDA:37,1,0,0
BRDA:37,1,1,0
BRDA:39,2,0,0
BRDA:39,2,1,0
BRDA:56,3,0,0
BRDA:56,3,1,0
BRDA:66,4,0,0
BRDA:66,4,1,0
BRDA:69,5,0,0
BRDA:69,5,1,0
BRDA:82,6,0,0
BRDA:84,7,0,0
BRDA:84,7,1,0
BRDA:88,8,0,0
BRDA:88,8,1,0
BRDA:89,9,0,0
BRDA:89,9,1,0
BRDA:90,10,0,0
BRDA:90,10,1,0
BRDA:91,11,0,0
BRDA:91,11,1,0
BRDA:113,12,0,0
BRDA:113,12,1,0
BRDA:113,13,0,0
BRDA:113,13,1,0
BRDA:121,14,0,0
BRDA:121,14,1,0
BRDA:121,15,0,0
BRDA:121,15,1,0
BRDA:139,16,0,0
BRDA:139,16,1,0
BRDA:149,17,0,0
BRDA:149,17,1,0
BRDA:161,18,0,0
BRDA:161,18,1,0
BRDA:186,19,0,0
BRDA:186,19,1,0
BRF:39
BRH:0
end_of_record
TN:
SF:electron/services/updateService.ts
FN:24,sendStatusToWindow
FN:32,initAutoUpdater
FN:41,(anonymous_2)
FN:46,(anonymous_3)
FN:51,(anonymous_4)
FN:56,(anonymous_5)
FN:61,(anonymous_6)
FN:69,(anonymous_7)
FN:76,registerUpdateHandlers
FN:81,(anonymous_9)
FN:91,(anonymous_10)
FN:101,(anonymous_11)
FN:107,(anonymous_12)
FN:112,(anonymous_13)
FNF:14
FNH:0
FNDA:0,sendStatusToWindow
FNDA:0,initAutoUpdater
FNDA:0,(anonymous_2)
FNDA:0,(anonymous_3)
FNDA:0,(anonymous_4)
FNDA:0,(anonymous_5)
FNDA:0,(anonymous_6)
FNDA:0,(anonymous_7)
FNDA:0,registerUpdateHandlers
FNDA:0,(anonymous_9)
FNDA:0,(anonymous_10)
FNDA:0,(anonymous_11)
FNDA:0,(anonymous_12)
FNDA:0,(anonymous_13)
DA:20,0
DA:21,0
DA:25,0
DA:26,0
DA:27,0
DA:34,0
DA:37,0
DA:38,0
DA:41,0
DA:42,0
DA:43,0
DA:46,0
DA:47,0
DA:48,0
DA:51,0
DA:52,0
DA:53,0
DA:56,0
DA:57,0
DA:58,0
DA:61,0
DA:62,0
DA:63,0
DA:69,0
DA:70,0
DA:71,0
DA:78,0
DA:81,0
DA:82,0
DA:83,0
DA:84,0
DA:86,0
DA:91,0
DA:92,0
DA:93,0
DA:94,0
DA:96,0
DA:101,0
DA:102,0
DA:103,0
DA:107,0
DA:108,0
DA:112,0
DA:113,0
DA:114,0
LF:45
LH:0
BRDA:26,0,0,0
BRDA:26,0,1,0
BRF:2
BRH:0
end_of_record
TN:
SF:electron/services/debug/DAPClient.ts
FN:35,(anonymous_0)
FN:42,(anonymous_1)
FN:46,(anonymous_2)
FN:53,(anonymous_3)
FN:54,(anonymous_4)
FN:59,(anonymous_5)
FN:63,(anonymous_6)
FN:67,(anonymous_7)
FN:71,(anonymous_8)
FN:83,(anonymous_9)
FN:96,(anonymous_10)
FN:132,(anonymous_11)
FN:149,(anonymous_12)
FN:164,(anonymous_13)
FN:177,(anonymous_14)
FN:180,(anonymous_15)
FN:189,(anonymous_16)
FN:204,(anonymous_17)
FN:217,(anonymous_18)
FN:221,(anonymous_19)
FN:243,(anonymous_20)
FN:257,(anonymous_21)
FN:280,(anonymous_22)
FN:287,(anonymous_23)
FN:294,(anonymous_24)
FN:301,(anonymous_25)
FN:312,(anonymous_26)
FN:323,(anonymous_27)
FN:335,(anonymous_28)
FN:345,(anonymous_29)
FN:356,(anonymous_30)
FN:363,(anonymous_31)
FN:371,(anonymous_32)
FN:386,(anonymous_33)
FN:394,(anonymous_34)
FN:407,(anonymous_35)
FN:426,(anonymous_36)
FN:445,(anonymous_37)
FN:453,(anonymous_38)
FN:460,(anonymous_39)
FN:467,(anonymous_40)
FN:474,(anonymous_41)
FN:481,(anonymous_42)
FN:492,(anonymous_43)
FN:503,(anonymous_44)
FN:514,(anonymous_45)
FN:530,(anonymous_46)
FN:548,(anonymous_47)
FN:564,(anonymous_48)
FN:581,(anonymous_49)
FN:592,(anonymous_50)
FNF:51
FNH:0
FNDA:0,(anonymous_0)
FNDA:0,(anonymous_1)
FNDA:0,(anonymous_2)
FNDA:0,(anonymous_3)
FNDA:0,(anonymous_4)
FNDA:0,(anonymous_5)
FNDA:0,(anonymous_6)
FNDA:0,(anonymous_7)
FNDA:0,(anonymous_8)
FNDA:0,(anonymous_9)
FNDA:0,(anonymous_10)
FNDA:0,(anonymous_11)
FNDA:0,(anonymous_12)
FNDA:0,(anonymous_13)
FNDA:0,(anonymous_14)
FNDA:0,(anonymous_15)
FNDA:0,(anonymous_16)
FNDA:0,(anonymous_17)
FNDA:0,(anonymous_18)
FNDA:0,(anonymous_19)
FNDA:0,(anonymous_20)
FNDA:0,(anonymous_21)
FNDA:0,(anonymous_22)
FNDA:0,(anonymous_23)
FNDA:0,(anonymous_24)
FNDA:0,(anonymous_25)
FNDA:0,(anonymous_26)
FNDA:0,(anonymous_27)
FNDA:0,(anonymous_28)
FNDA:0,(anonymous_29)
FNDA:0,(anonymous_30)
FNDA:0,(anonymous_31)
FNDA:0,(anonymous_32)
FNDA:0,(anonymous_33)
FNDA:0,(anonymous_34)
FNDA:0,(anonymous_35)
FNDA:0,(anonymous_36)
FNDA:0,(anonymous_37)
FNDA:0,(anonymous_38)
FNDA:0,(anonymous_39)
FNDA:0,(anonymous_40)
FNDA:0,(anonymous_41)
FNDA:0,(anonymous_42)
FNDA:0,(anonymous_43)
FNDA:0,(anonymous_44)
FNDA:0,(anonymous_45)
FNDA:0,(anonymous_46)
FNDA:0,(anonymous_47)
FNDA:0,(anonymous_48)
FNDA:0,(anonymous_49)
FNDA:0,(anonymous_50)
DA:28,0
DA:29,0
DA:30,0
DA:31,0
DA:32,0
DA:33,0
DA:36,0
DA:37,0
DA:39,0
DA:43,0
DA:47,0
DA:54,0
DA:55,0
DA:59,0
DA:60,0
DA:63,0
DA:64,0
DA:67,0
DA:68,0
DA:71,0
DA:72,0
DA:76,0
DA:84,0
DA:85,0
DA:86,0
DA:88,0
DA:89,0
DA:90,0
DA:97,0
DA:99,0
DA:101,0
DA:102,0
DA:104,0
DA:105,0
DA:106,0
DA:107,0
DA:108,0
DA:111,0
DA:112,0
DA:113,0
DA:115,0
DA:117,0
DA:118,0
DA:120,0
DA:121,0
DA:122,0
DA:124,0
DA:133,0
DA:135,0
DA:136,0
DA:138,0
DA:139,0
DA:141,0
DA:142,0
DA:150,0
DA:151,0
DA:152,0
DA:153,0
DA:154,0
DA:156,0
DA:165,0
DA:166,0
DA:169,0
DA:170,0
DA:179,0
DA:180,0
DA:181,0
DA:190,0
DA:198,0
DA:205,0
DA:206,0
DA:209,0
DA:210,0
DA:211,0
DA:221,0
DA:222,0
DA:229,0
DA:235,0
DA:236,0
DA:238,0
DA:239,0
DA:243,0
DA:244,0
DA:245,0
DA:246,0
DA:258,0
DA:273,0
DA:274,0
DA:281,0
DA:288,0
DA:295,0
DA:302,0
DA:303,0
DA:305,0
DA:313,0
DA:314,0
DA:316,0
DA:324,0
DA:329,0
DA:336,0
DA:339,0
DA:346,0
DA:350,0
DA:357,0
DA:364,0
DA:365,0
DA:372,0
DA:377,0
DA:387,0
DA:388,0
DA:395,0
DA:401,0
DA:408,0
DA:413,0
DA:427,0
DA:432,0
DA:446,0
DA:447,0
DA:454,0
DA:461,0
DA:468,0
DA:475,0
DA:482,0
DA:483,0
DA:485,0
DA:493,0
DA:497,0
DA:504,0
DA:505,0
DA:506,0
DA:508,0
DA:515,0
DA:516,0
DA:522,0
DA:524,0
DA:531,0
DA:532,0
DA:537,0
DA:542,0
DA:549,0
DA:550,0
DA:557,0
DA:565,0
DA:566,0
DA:570,0
DA:575,0
DA:582,0
DA:583,0
DA:584,0
DA:586,0
DA:593,0
DA:594,0
DA:599,0
DA:601,0
LF:154
LH:0
BRDA:37,0,0,0
BRDA:84,1,0,0
BRDA:84,1,1,0
BRDA:102,2,0,0
BRDA:102,2,1,0
BRDA:106,3,0,0
BRDA:106,3,1,0
BRDA:115,4,0,0
BRDA:115,4,1,0
BRDA:133,5,0,0
BRDA:133,5,1,0
BRDA:133,5,2,0
BRDA:151,6,0,0
BRDA:151,6,1,0
BRDA:153,7,0,0
BRDA:153,7,1,0
BRDA:156,8,0,0
BRDA:156,8,1,0
BRDA:169,9,0,0
BRDA:169,9,1,0
BRDA:179,10,0,0
BRDA:179,10,1,0
BRDA:205,11,0,0
BRDA:205,11,1,0
BRDA:244,12,0,0
BRDA:244,12,1,0
BRDA:273,13,0,0
BRDA:273,13,1,0
BRDA:302,14,0,0
BRDA:302,14,1,0
BRDA:313,15,0,0
BRDA:313,15,1,0
BRDA:374,16,0,0
BRDA:374,16,1,0
BRDA:375,17,0,0
BRDA:375,17,1,0
BRDA:417,18,0,0
BRDA:417,18,1,0
BRDA:430,19,0,0
BRDA:430,19,1,0
BRDA:482,20,0,0
BRDA:482,20,1,0
BRDA:504,21,0,0
BRDA:504,21,1,0
BRDA:515,22,0,0
BRDA:515,22,1,0
BRDA:531,23,0,0
BRDA:531,23,1,0
BRDA:538,24,0,0
BRDA:538,24,1,0
BRDA:549,25,0,0
BRDA:549,25,1,0
BRDA:565,26,0,0
BRDA:565,26,1,0
BRDA:582,27,0,0
BRDA:582,27,1,0
BRDA:593,28,0,0
BRDA:593,28,1,0
BRDA:597,29,0,0
BRDA:597,29,1,0
BRDA:599,30,0,0
BRDA:599,30,1,0
BRF:62
BRH:0
end_of_record
TN:
SF:electron/services/debug/debugService.ts
FN:41,(anonymous_0)
FN:51,(anonymous_1)
FN:113,(anonymous_2)
FN:152,(anonymous_3)
FN:183,(anonymous_4)
FN:184,(anonymous_5)
FN:190,(anonymous_6)
FN:197,(anonymous_7)
FN:209,(anonymous_8)
FN:221,(anonymous_9)
FN:233,(anonymous_10)
FN:245,(anonymous_11)
FN:257,(anonymous_12)
FN:269,(anonymous_13)
FN:281,(anonymous_14)
FN:317,(anonymous_15)
FN:319,(anonymous_16)
FN:335,(anonymous_17)
FN:337,(anonymous_18)
FN:351,(anonymous_19)
FN:353,(anonymous_20)
FN:366,(anonymous_21)
FN:377,(anonymous_22)
FN:386,(anonymous_23)
FN:398,(anonymous_24)
FN:409,(anonymous_25)
FN:419,(anonymous_26)
FN:429,(anonymous_27)
FN:444,(anonymous_28)
FN:460,(anonymous_29)
FN:473,(anonymous_30)
FN:487,(anonymous_31)
FN:488,(anonymous_32)
FN:498,(anonymous_33)
FN:499,(anonymous_34)
FN:517,(anonymous_35)
FN:526,(anonymous_36)
FN:535,(anonymous_37)
FN:557,(anonymous_38)
FN:571,(anonymous_39)
FN:582,(anonymous_40)
FN:625,(anonymous_41)
FN:633,(anonymous_42)
FN:638,(anonymous_43)
FN:649,(anonymous_44)
FN:662,(anonymous_45)
FN:666,(anonymous_46)
FN:693,(anonymous_47)
FN:704,(anonymous_48)
FN:711,(anonymous_49)
FN:722,(anonymous_50)
FN:726,(anonymous_51)
FN:735,(anonymous_52)
FN:742,(anonymous_53)
FN:747,(anonymous_54)
FN:753,(anonymous_55)
FN:758,(anonymous_56)
FN:761,(anonymous_57)
FN:786,(anonymous_58)
FN:790,(anonymous_59)
FN:806,(anonymous_60)
FN:810,(anonymous_61)
FN:822,(anonymous_62)
FN:834,(anonymous_63)
FN:844,getDebugService
FN:851,cleanupDebugService
FNF:66
FNH:0
FNDA:0,(anonymous_0)
FNDA:0,(anonymous_1)
FNDA:0,(anonymous_2)
FNDA:0,(anonymous_3)
FNDA:0,(anonymous_4)
FNDA:0,(anonymous_5)
FNDA:0,(anonymous_6)
FNDA:0,(anonymous_7)
FNDA:0,(anonymous_8)
FNDA:0,(anonymous_9)
FNDA:0,(anonymous_10)
FNDA:0,(anonymous_11)
FNDA:0,(anonymous_12)
FNDA:0,(anonymous_13)
FNDA:0,(anonymous_14)
FNDA:0,(anonymous_15)
FNDA:0,(anonymous_16)
FNDA:0,(anonymous_17)
FNDA:0,(anonymous_18)
FNDA:0,(anonymous_19)
FNDA:0,(anonymous_20)
FNDA:0,(anonymous_21)
FNDA:0,(anonymous_22)
FNDA:0,(anonymous_23)
FNDA:0,(anonymous_24)
FNDA:0,(anonymous_25)
FNDA:0,(anonymous_26)
FNDA:0,(anonymous_27)
FNDA:0,(anonymous_28)
FNDA:0,(anonymous_29)
FNDA:0,(anonymous_30)
FNDA:0,(anonymous_31)
FNDA:0,(anonymous_32)
FNDA:0,(anonymous_33)
FNDA:0,(anonymous_34)
FNDA:0,(anonymous_35)
FNDA:0,(anonymous_36)
FNDA:0,(anonymous_37)
FNDA:0,(anonymous_38)
FNDA:0,(anonymous_39)
FNDA:0,(anonymous_40)
FNDA:0,(anonymous_41)
FNDA:0,(anonymous_42)
FNDA:0,(anonymous_43)
FNDA:0,(anonymous_44)
FNDA:0,(anonymous_45)
FNDA:0,(anonymous_46)
FNDA:0,(anonymous_47)
FNDA:0,(anonymous_48)
FNDA:0,(anonymous_49)
FNDA:0,(anonymous_50)
FNDA:0,(anonymous_51)
FNDA:0,(anonymous_52)
FNDA:0,(anonymous_53)
FNDA:0,(anonymous_54)
FNDA:0,(anonymous_55)
FNDA:0,(anonymous_56)
FNDA:0,(anonymous_57)
FNDA:0,(anonymous_58)
FNDA:0,(anonymous_59)
FNDA:0,(anonymous_60)
FNDA:0,(anonymous_61)
FNDA:0,(anonymous_62)
FNDA:0,(anonymous_63)
FNDA:0,getDebugService
FNDA:0,cleanupDebugService
DA:33,0
DA:35,0
DA:36,0
DA:38,0
DA:39,0
DA:42,0
DA:43,0
DA:52,0
DA:55,0
DA:67,0
DA:70,0
DA:73,0
DA:76,0
DA:77,0
DA:78,0
DA:81,0
DA:84,0
DA:85,0
DA:87,0
DA:91,0
DA:94,0
DA:95,0
DA:97,0
DA:98,0
DA:99,0
DA:101,0
DA:104,0
DA:105,0
DA:106,0
DA:114,0
DA:115,0
DA:117,0
DA:118,0
DA:120,0
DA:122,0
DA:123,0
DA:124,0
DA:130,0
DA:131,0
DA:132,0
DA:135,0
DA:136,0
DA:138,0
DA:140,0
DA:141,0
DA:144,0
DA:145,0
DA:146,0
DA:153,0
DA:154,0
DA:156,0
DA:157,0
DA:159,0
DA:161,0
DA:162,0
DA:163,0
DA:164,0
DA:165,0
DA:166,0
DA:169,0
DA:170,0
DA:171,0
DA:172,0
DA:175,0
DA:176,0
DA:184,0
DA:191,0
DA:198,0
DA:199,0
DA:200,0
DA:210,0
DA:211,0
DA:213,0
DA:214,0
DA:215,0
DA:222,0
DA:223,0
DA:225,0
DA:226,0
DA:227,0
DA:234,0
DA:235,0
DA:237,0
DA:238,0
DA:239,0
DA:246,0
DA:247,0
DA:249,0
DA:250,0
DA:251,0
DA:258,0
DA:259,0
DA:261,0
DA:262,0
DA:263,0
DA:270,0
DA:271,0
DA:273,0
DA:286,0
DA:301,0
DA:302,0
DA:303,0
DA:306,0
DA:308,0
DA:309,0
DA:311,0
DA:318,0
DA:319,0
DA:320,0
DA:321,0
DA:322,0
DA:323,0
DA:325,0
DA:326,0
DA:327,0
DA:336,0
DA:337,0
DA:338,0
DA:339,0
DA:340,0
DA:341,0
DA:342,0
DA:343,0
DA:352,0
DA:353,0
DA:355,0
DA:356,0
DA:357,0
DA:359,0
DA:367,0
DA:368,0
DA:369,0
DA:371,0
DA:378,0
DA:387,0
DA:388,0
DA:390,0
DA:391,0
DA:392,0
DA:399,0
DA:400,0
DA:402,0
DA:403,0
DA:410,0
DA:411,0
DA:413,0
DA:420,0
DA:421,0
DA:423,0
DA:435,0
DA:436,0
DA:438,0
DA:450,0
DA:451,0
DA:453,0
DA:454,0
DA:461,0
DA:462,0
DA:464,0
DA:465,0
DA:474,0
DA:478,0
DA:479,0
DA:480,0
DA:481,0
DA:488,0
DA:489,0
DA:490,0
DA:491,0
DA:499,0
DA:500,0
DA:502,0
DA:503,0
DA:504,0
DA:505,0
DA:507,0
DA:508,0
DA:511,0
DA:518,0
DA:519,0
DA:527,0
DA:536,0
DA:537,0
DA:540,0
DA:542,0
DA:543,0
DA:544,0
DA:545,0
DA:547,0
DA:548,0
DA:558,0
DA:560,0
DA:561,0
DA:562,0
DA:564,0
DA:572,0
DA:573,0
DA:575,0
DA:576,0
DA:583,0
DA:585,0
DA:595,0
DA:605,0
DA:614,0
DA:627,0
DA:630,0
DA:634,0
DA:635,0
DA:640,0
DA:641,0
DA:646,0
DA:654,0
DA:657,0
DA:659,0
DA:663,0
DA:664,0
DA:666,0
DA:667,0
DA:668,0
DA:669,0
DA:672,0
DA:673,0
DA:674,0
DA:675,0
DA:677,0
DA:681,0
DA:683,0
DA:684,0
DA:685,0
DA:693,0
DA:694,0
DA:695,0
DA:696,0
DA:697,0
DA:704,0
DA:705,0
DA:706,0
DA:707,0
DA:708,0
DA:711,0
DA:712,0
DA:713,0
DA:722,0
DA:723,0
DA:724,0
DA:725,0
DA:726,0
DA:727,0
DA:728,0
DA:729,0
DA:730,0
DA:735,0
DA:736,0
DA:737,0
DA:738,0
DA:739,0
DA:742,0
DA:743,0
DA:748,0
DA:749,0
DA:754,0
DA:755,0
DA:757,0
DA:758,0
DA:760,0
DA:761,0
DA:769,0
DA:770,0
DA:773,0
DA:774,0
DA:775,0
DA:776,0
DA:777,0
DA:782,0
DA:787,0
DA:790,0
DA:791,0
DA:796,0
DA:797,0
DA:799,0
DA:800,0
DA:803,0
DA:807,0
DA:811,0
DA:818,0
DA:819,0
DA:823,0
DA:824,0
DA:825,0
DA:835,0
DA:836,0
DA:842,0
DA:845,0
DA:846,0
DA:848,0
DA:852,0
DA:853,0
DA:854,0
LF:298
LH:0
BRDA:84,0,0,0
BRDA:84,0,1,0
BRDA:114,1,0,0
BRDA:114,1,1,0
BRDA:115,2,0,0
BRDA:115,2,1,0
BRDA:118,3,0,0
BRDA:118,3,1,0
BRDA:123,4,0,0
BRDA:123,4,1,0
BRDA:131,5,0,0
BRDA:131,5,1,0
BRDA:138,6,0,0
BRDA:138,6,1,0
BRDA:141,7,0,0
BRDA:141,7,1,0
BRDA:153,8,0,0
BRDA:153,8,1,0
BRDA:154,9,0,0
BRDA:154,9,1,0
BRDA:157,10,0,0
BRDA:157,10,1,0
BRDA:162,11,0,0
BRDA:162,11,1,0
BRDA:170,12,0,0
BRDA:170,12,1,0
BRDA:191,13,0,0
BRDA:191,13,1,0
BRDA:198,14,0,0
BRDA:198,14,1,0
BRDA:211,15,0,0
BRDA:211,15,1,0
BRDA:214,16,0,0
BRDA:214,16,1,0
BRDA:223,17,0,0
BRDA:223,17,1,0
BRDA:226,18,0,0
BRDA:226,18,1,0
BRDA:235,19,0,0
BRDA:235,19,1,0
BRDA:238,20,0,0
BRDA:238,20,1,0
BRDA:247,21,0,0
BRDA:247,21,1,0
BRDA:250,22,0,0
BRDA:250,22,1,0
BRDA:259,23,0,0
BRDA:259,23,1,0
BRDA:262,24,0,0
BRDA:262,24,1,0
BRDA:271,25,0,0
BRDA:271,25,1,0
BRDA:295,26,0,0
BRDA:295,26,1,0
BRDA:296,27,0,0
BRDA:296,27,1,0
BRDA:301,28,0,0
BRDA:301,28,1,0
BRDA:320,29,0,0
BRDA:320,29,1,0
BRDA:322,30,0,0
BRDA:322,30,1,0
BRDA:338,31,0,0
BRDA:338,31,1,0
BRDA:352,32,0,0
BRDA:352,32,1,0
BRDA:355,33,0,0
BRDA:355,33,1,0
BRDA:378,34,0,0
BRDA:378,34,1,0
BRDA:388,35,0,0
BRDA:388,35,1,0
BRDA:400,36,0,0
BRDA:400,36,1,0
BRDA:411,37,0,0
BRDA:411,37,1,0
BRDA:421,38,0,0
BRDA:421,38,1,0
BRDA:436,39,0,0
BRDA:436,39,1,0
BRDA:451,40,0,0
BRDA:451,40,1,0
BRDA:453,41,0,0
BRDA:453,41,1,0
BRDA:462,42,0,0
BRDA:462,42,1,0
BRDA:489,43,0,0
BRDA:489,43,1,0
BRDA:500,44,0,0
BRDA:500,44,1,0
BRDA:504,45,0,0
BRDA:504,45,1,0
BRDA:537,46,0,0
BRDA:537,46,1,0
BRDA:583,47,0,0
BRDA:583,47,1,0
BRDA:583,47,2,0
BRDA:583,47,3,0
BRDA:627,48,0,0
BRDA:627,48,1,0
BRDA:634,49,0,0
BRDA:634,49,1,0
BRDA:635,50,0,0
BRDA:635,50,1,0
BRDA:640,51,0,0
BRDA:640,51,1,0
BRDA:664,52,0,0
BRDA:664,52,1,0
BRDA:672,53,0,0
BRDA:672,53,1,0
BRDA:674,54,0,0
BRDA:674,54,1,0
BRDA:712,55,0,0
BRDA:712,55,1,0
BRDA:715,56,0,0
BRDA:715,56,1,0
BRDA:724,57,0,0
BRDA:724,57,1,0
BRDA:724,58,0,0
BRDA:724,58,1,0
BRDA:725,59,0,0
BRDA:725,59,1,0
BRDA:727,60,0,0
BRDA:727,60,1,0
BRDA:728,61,0,0
BRDA:728,61,1,0
BRDA:755,62,0,0
BRDA:755,62,1,0
BRDA:757,63,0,0
BRDA:757,63,1,0
BRDA:774,64,0,0
BRDA:774,64,1,0
BRDA:775,65,0,0
BRDA:775,65,1,0
BRDA:776,66,0,0
BRDA:776,66,1,0
BRDA:796,67,0,0
BRDA:796,67,1,0
BRDA:796,68,0,0
BRDA:796,68,1,0
BRDA:799,69,0,0
BRDA:799,69,1,0
BRDA:799,70,0,0
BRDA:799,70,1,0
BRDA:824,71,0,0
BRDA:824,71,1,0
BRDA:824,72,0,0
BRDA:824,72,1,0
BRDA:845,73,0,0
BRDA:845,73,1,0
BRDA:852,74,0,0
BRDA:852,74,1,0
BRF:152
BRH:0
end_of_record
TN:
SF:electron/services/debug/index.ts
FNF:0
FNH:0
DA:5,0
DA:6,0
LF:2
LH:0
BRF:0
BRH:0
end_of_record
TN:
SF:electron/services/debug/ipcHandlers.ts
FN:8,registerDebugHandlers
FN:13,(anonymous_1)
FN:22,(anonymous_2)
FN:31,(anonymous_3)
FN:40,(anonymous_4)
FN:44,(anonymous_5)
FN:48,(anonymous_6)
FN:54,(anonymous_7)
FN:63,(anonymous_8)
FN:72,(anonymous_9)
FN:81,(anonymous_10)
FN:90,(anonymous_11)
FN:99,(anonymous_12)
FN:110,(anonymous_13)
FN:123,(anonymous_14)
FN:132,(anonymous_15)
FN:141,(anonymous_16)
FN:150,(anonymous_17)
FN:154,(anonymous_18)
FN:160,(anonymous_19)
FN:169,(anonymous_20)
FN:178,(anonymous_21)
FN:187,(anonymous_22)
FN:196,(anonymous_23)
FN:205,(anonymous_24)
FN:214,(anonymous_25)
FN:220,(anonymous_26)
FN:224,(anonymous_27)
FN:228,(anonymous_28)
FN:232,(anonymous_29)
FN:236,(anonymous_30)
FN:242,(anonymous_31)
FN:253,(anonymous_32)
FN:262,(anonymous_33)
FN:271,(anonymous_34)
FNF:35
FNH:0
FNDA:0,registerDebugHandlers
FNDA:0,(anonymous_1)
FNDA:0,(anonymous_2)
FNDA:0,(anonymous_3)
FNDA:0,(anonymous_4)
FNDA:0,(anonymous_5)
FNDA:0,(anonymous_6)
FNDA:0,(anonymous_7)
FNDA:0,(anonymous_8)
FNDA:0,(anonymous_9)
FNDA:0,(anonymous_10)
FNDA:0,(anonymous_11)
FNDA:0,(anonymous_12)
FNDA:0,(anonymous_13)
FNDA:0,(anonymous_14)
FNDA:0,(anonymous_15)
FNDA:0,(anonymous_16)
FNDA:0,(anonymous_17)
FNDA:0,(anonymous_18)
FNDA:0,(anonymous_19)
FNDA:0,(anonymous_20)
FNDA:0,(anonymous_21)
FNDA:0,(anonymous_22)
FNDA:0,(anonymous_23)
FNDA:0,(anonymous_24)
FNDA:0,(anonymous_25)
FNDA:0,(anonymous_26)
FNDA:0,(anonymous_27)
FNDA:0,(anonymous_28)
FNDA:0,(anonymous_29)
FNDA:0,(anonymous_30)
FNDA:0,(anonymous_31)
FNDA:0,(anonymous_32)
FNDA:0,(anonymous_33)
FNDA:0,(anonymous_34)
DA:9,0
DA:13,0
DA:14,0
DA:15,0
DA:16,0
DA:18,0
DA:22,0
DA:23,0
DA:24,0
DA:25,0
DA:27,0
DA:31,0
DA:32,0
DA:33,0
DA:34,0
DA:36,0
DA:40,0
DA:41,0
DA:44,0
DA:45,0
DA:48,0
DA:49,0
DA:54,0
DA:55,0
DA:56,0
DA:57,0
DA:59,0
DA:63,0
DA:64,0
DA:65,0
DA:66,0
DA:68,0
DA:72,0
DA:73,0
DA:74,0
DA:75,0
DA:77,0
DA:81,0
DA:82,0
DA:83,0
DA:84,0
DA:86,0
DA:90,0
DA:91,0
DA:92,0
DA:93,0
DA:95,0
DA:99,0
DA:100,0
DA:101,0
DA:102,0
DA:104,0
DA:110,0
DA:115,0
DA:116,0
DA:117,0
DA:119,0
DA:123,0
DA:124,0
DA:125,0
DA:126,0
DA:128,0
DA:132,0
DA:133,0
DA:134,0
DA:135,0
DA:137,0
DA:141,0
DA:142,0
DA:143,0
DA:144,0
DA:146,0
DA:150,0
DA:151,0
DA:154,0
DA:155,0
DA:160,0
DA:161,0
DA:162,0
DA:163,0
DA:165,0
DA:169,0
DA:170,0
DA:171,0
DA:172,0
DA:174,0
DA:178,0
DA:179,0
DA:180,0
DA:181,0
DA:183,0
DA:187,0
DA:188,0
DA:189,0
DA:190,0
DA:192,0
DA:196,0
DA:197,0
DA:198,0
DA:199,0
DA:201,0
DA:205,0
DA:206,0
DA:207,0
DA:208,0
DA:210,0
DA:214,0
DA:215,0
DA:220,0
DA:221,0
DA:224,0
DA:225,0
DA:228,0
DA:229,0
DA:232,0
DA:233,0
DA:236,0
DA:237,0
DA:242,0
DA:243,0
DA:244,0
DA:245,0
DA:247,0
DA:253,0
DA:254,0
DA:255,0
DA:256,0
DA:258,0
DA:262,0
DA:263,0
DA:264,0
DA:265,0
DA:267,0
DA:271,0
DA:272,0
LF:135
LH:0
BRF:0
BRH:0
end_of_record
TN:
SF:electron/services/debug/types.ts
FN:20,(anonymous_0)
FN:28,(anonymous_1)
FNF:2
FNH:0
FNDA:0,(anonymous_0)
FNDA:0,(anonymous_1)
DA:20,0
DA:21,0
DA:22,0
DA:23,0
DA:24,0
DA:28,0
DA:29,0
DA:30,0
DA:31,0
DA:32,0
DA:33,0
DA:34,0
LF:12
LH:0
BRDA:20,0,0,0
BRDA:20,0,1,0
BRDA:28,1,0,0
BRDA:28,1,1,0
BRF:4
BRH:0
end_of_record
TN:
SF:src/components/FeedbackReportDialog.vue
FN:24,(anonymous_0)
FN:62,(anonymous_1)
FN:67,(anonymous_2)
FN:103,(anonymous_3)
FN:115,(anonymous_4)
FN:147,(anonymous_5)
FN:155,(anonymous_6)
FN:152,(anonymous_7)
FN:161,(anonymous_8)
FNF:9
FNH:0
FNDA:0,(anonymous_0)
FNDA:0,(anonymous_1)
FNDA:0,(anonymous_2)
FNDA:0,(anonymous_3)
FNDA:0,(anonymous_4)
FNDA:0,(anonymous_5)
FNDA:0,(anonymous_6)
FNDA:0,(anonymous_7)
FNDA:0,(anonymous_8)
DA:15,0
DA:18,0
DA:19,0
DA:20,0
DA:21,0
DA:24,0
DA:25,0
DA:26,0
DA:27,0
DA:28,0
DA:30,0
DA:31,0
DA:33,0
DA:39,0
DA:46,0
DA:47,0
DA:48,0
DA:51,0
DA:54,0
DA:55,0
DA:57,0
DA:62,0
DA:63,0
DA:67,0
DA:68,0
DA:70,0
DA:96,0
DA:97,0
DA:99,0
DA:103,0
DA:104,0
DA:105,0
DA:109,0
DA:122,0
DA:148,0
DA:154,0
DA:156,0
DA:161,0
LF:38
LH:0
BRDA:31,0,0,0
BRDA:31,0,1,0
BRDA:47,1,0,0
BRDA:47,1,1,0
BRDA:68,2,0,0
BRDA:68,2,1,0
BRDA:68,3,0,0
BRDA:68,3,1,0
BRDA:104,4,0,0
BRDA:104,4,1,0
BRDA:122,5,0,0
BRDA:122,5,1,NaN
BRDA:148,6,0,0
BRDA:148,6,1,NaN
BRDA:156,7,0,0
BRDA:156,7,1,NaN
BRDA:156,8,0,0
BRDA:156,8,1,0
BRDA:122,9,0,0
BRDA:122,9,1,0
BRDA:156,10,0,0
BRDA:156,10,1,NaN
BRF:22
BRH:0
end_of_record
TN:
SF:src/components/LSPSetupDialog.vue
FN:20,(anonymous_0)
FN:23,(anonymous_1)
FN:31,(anonymous_2)
FN:37,(anonymous_3)
FN:110,(anonymous_4)
FN:117,(anonymous_5)
FN:57,(anonymous_6)
FN:77,(anonymous_7)
FN:114,(anonymous_8)
FN:121,(anonymous_9)
FNF:10
FNH:0
FNDA:0,(anonymous_0)
FNDA:0,(anonymous_1)
FNDA:0,(anonymous_2)
FNDA:0,(anonymous_3)
FNDA:0,(anonymous_4)
FNDA:0,(anonymous_5)
FNDA:0,(anonymous_6)
FNDA:0,(anonymous_7)
FNDA:0,(anonymous_8)
FNDA:0,(anonymous_9)
DA:17,0
DA:18,0
DA:20,0
DA:21,0
DA:23,0
DA:25,0
DA:27,0
DA:28,0
DA:31,0
DA:32,0
DA:56,0
DA:57,0
DA:62,0
DA:76,0
DA:77,0
DA:82,0
DA:116,0
DA:123,0
LF:18
LH:0
BRDA:62,0,0,0
BRDA:62,0,1,0
BRDA:82,1,0,0
BRDA:82,1,1,0
BRDA:62,2,0,0
BRDA:62,2,1,0
BRDA:82,3,0,0
BRDA:82,3,1,0
BRF:8
BRH:0
end_of_record
TN:
SF:src/components/TelemetryConsentDialog.vue
FN:16,(anonymous_0)
FN:18,(anonymous_1)
FN:26,(anonymous_2)
FN:36,(anonymous_3)
FN:74,(anonymous_4)
FN:81,(anonymous_5)
FN:78,(anonymous_6)
FN:85,(anonymous_7)
FNF:8
FNH:0
FNDA:0,(anonymous_0)
FNDA:0,(anonymous_1)
FNDA:0,(anonymous_2)
FNDA:0,(anonymous_3)
FNDA:0,(anonymous_4)
FNDA:0,(anonymous_5)
FNDA:0,(anonymous_6)
FNDA:0,(anonymous_7)
DA:14,0
DA:16,0
DA:18,0
DA:19,0
DA:21,0
DA:22,0
DA:26,0
DA:27,0
DA:29,0
DA:30,0
DA:80,0
DA:87,0
LF:12
LH:0
BRDA:21,0,0,0
BRDA:21,0,1,0
BRDA:29,1,0,0
BRDA:29,1,1,0
BRF:4
BRH:0
end_of_record
TN:
SF:src/components/Analysis/CommitAnalysisDialog.vue
FN:42,toggleSection
FN:51,(anonymous_1)
FN:52,(anonymous_2)
FN:55,(anonymous_3)
FN:60,(anonymous_4)
FN:61,(anonymous_5)
FN:62,(anonymous_6)
FN:70,(anonymous_7)
FN:84,getCategoryIcon
FN:96,getCategoryName
FN:109,getSeverityColor
FN:119,getChangeTypeInfo
FN:135,runAnalysis
FN:142,handleClose
FN:147,handleCommit
FN:153,(anonymous_15)
FN:153,(anonymous_16)
FN:161,(anonymous_17)
FN:240,(anonymous_18)
FN:251,(anonymous_19)
FN:292,(anonymous_20)
FN:312,(anonymous_21)
FN:313,(anonymous_22)
FN:226,(anonymous_23)
FN:278,(anonymous_24)
FN:312,(anonymous_25)
FN:317,(anonymous_26)
FNF:27
FNH:0
FNDA:0,toggleSection
FNDA:0,(anonymous_1)
FNDA:0,(anonymous_2)
FNDA:0,(anonymous_3)
FNDA:0,(anonymous_4)
FNDA:0,(anonymous_5)
FNDA:0,(anonymous_6)
FNDA:0,(anonymous_7)
FNDA:0,getCategoryIcon
FNDA:0,getCategoryName
FNDA:0,getSeverityColor
FNDA:0,getChangeTypeInfo
FNDA:0,runAnalysis
FNDA:0,handleClose
FNDA:0,handleCommit
FNDA:0,(anonymous_15)
FNDA:0,(anonymous_16)
FNDA:0,(anonymous_17)
FNDA:0,(anonymous_18)
FNDA:0,(anonymous_19)
FNDA:0,(anonymous_20)
FNDA:0,(anonymous_21)
FNDA:0,(anonymous_22)
FNDA:0,(anonymous_23)
FNDA:0,(anonymous_24)
FNDA:0,(anonymous_25)
FNDA:0,(anonymous_26)
DA:27,0
DA:31,0
DA:36,0
DA:37,0
DA:40,0
DA:43,0
DA:44,0
DA:46,0
DA:51,0
DA:52,0
DA:55,0
DA:56,0
DA:58,0
DA:59,0
DA:60,0
DA:61,0
DA:62,0
DA:70,0
DA:71,0
DA:73,0
DA:74,0
DA:75,0
DA:76,0
DA:78,0
DA:80,0
DA:85,0
DA:86,0
DA:87,0
DA:88,0
DA:89,0
DA:90,0
DA:91,0
DA:97,0
DA:98,0
DA:99,0
DA:100,0
DA:101,0
DA:102,0
DA:103,0
DA:104,0
DA:110,0
DA:111,0
DA:112,0
DA:113,0
DA:114,0
DA:120,0
DA:122,0
DA:124,0
DA:126,0
DA:128,0
DA:130,0
DA:136,0
DA:137,0
DA:143,0
DA:148,0
DA:149,0
DA:153,0
DA:154,0
DA:155,0
DA:173,0
DA:179,0
DA:189,0
DA:201,0
DA:202,0
DA:203,0
DA:205,0
DA:206,0
DA:207,0
DA:209,0
DA:210,0
DA:211,0
DA:213,0
DA:214,0
DA:221,0
DA:226,0
DA:232,0
DA:236,0
DA:239,0
DA:240,0
DA:245,0
DA:246,0
DA:250,0
DA:251,0
DA:257,0
DA:263,0
DA:265,0
DA:266,0
DA:278,0
DA:284,0
DA:288,0
DA:291,0
DA:292,0
DA:297,0
DA:300,0
DA:312,0
DA:319,0
LF:96
LH:0
BRDA:43,0,0,0
BRDA:43,0,1,0
BRDA:56,1,0,0
BRDA:56,1,1,0
BRDA:71,2,0,0
BRDA:71,2,1,0
BRDA:75,3,0,0
BRDA:75,3,1,0
BRDA:85,4,0,0
BRDA:85,4,1,0
BRDA:85,4,2,0
BRDA:85,4,3,0
BRDA:85,4,4,0
BRDA:85,4,5,0
BRDA:97,5,0,0
BRDA:97,5,1,0
BRDA:97,5,2,0
BRDA:97,5,3,0
BRDA:97,5,4,0
BRDA:97,5,5,0
BRDA:97,5,6,0
BRDA:110,6,0,0
BRDA:110,6,1,0
BRDA:110,6,2,0
BRDA:110,6,3,0
BRDA:120,7,0,0
BRDA:120,7,1,0
BRDA:120,7,2,0
BRDA:120,7,3,0
BRDA:120,7,4,0
BRDA:136,8,0,0
BRDA:136,8,1,0
BRDA:154,9,0,0
BRDA:154,9,1,0
BRDA:154,10,0,0
BRDA:154,10,1,0
BRDA:154,10,2,0
BRDA:173,11,0,0
BRDA:173,11,1,0
BRDA:179,12,0,0
BRDA:179,12,1,NaN
BRDA:201,13,0,0
BRDA:201,13,1,NaN
BRDA:205,14,0,0
BRDA:205,14,1,NaN
BRDA:209,15,0,0
BRDA:209,15,1,NaN
BRDA:213,16,0,0
BRDA:213,16,1,NaN
BRDA:213,17,0,0
BRDA:213,17,1,0
BRDA:213,17,2,0
BRDA:221,18,0,0
BRDA:221,18,1,NaN
BRDA:236,19,0,0
BRDA:236,19,1,NaN
BRDA:263,20,0,0
BRDA:263,20,1,NaN
BRDA:265,21,0,0
BRDA:265,21,1,NaN
BRDA:288,22,0,0
BRDA:288,22,1,NaN
BRDA:316,23,0,0
BRDA:316,23,1,0
BRDA:316,24,0,0
BRDA:316,24,1,0
BRDA:173,25,0,0
BRDA:173,25,1,0
BRDA:175,26,0,0
BRDA:175,26,1,0
BRDA:201,27,0,0
BRDA:201,27,1,0
BRDA:205,28,0,0
BRDA:205,28,1,0
BRDA:209,29,0,0
BRDA:209,29,1,0
BRDA:213,30,0,0
BRDA:213,30,1,0
BRDA:221,31,0,0
BRDA:221,31,1,NaN
BRDA:236,32,0,0
BRDA:236,32,1,NaN
BRDA:263,33,0,0
BRDA:263,33,1,0
BRDA:265,34,0,0
BRDA:265,34,1,0
BRDA:288,35,0,0
BRDA:288,35,1,NaN
BRF:88
BRH:0
end_of_record
TN:
SF:src/components/Analysis/CommitAnalysisPanel.vue
FN:55,(anonymous_0)
FN:83,(anonymous_1)
FN:88,(anonymous_2)
FN:97,(anonymous_3)
FN:102,(anonymous_4)
FN:112,(anonymous_5)
FN:125,(anonymous_6)
FN:138,(anonymous_7)
FN:150,(anonymous_8)
FN:159,(anonymous_9)
FN:168,(anonymous_10)
FN:179,(anonymous_11)
FN:189,(anonymous_12)
FN:197,(anonymous_13)
FN:210,(anonymous_14)
FN:223,(anonymous_15)
FN:222,(anonymous_16)
FN:231,(anonymous_17)
FN:234,(anonymous_18)
FN:248,(anonymous_19)
FN:265,(anonymous_20)
FN:281,(anonymous_21)
FN:281,(anonymous_22)
FN:282,(anonymous_23)
FN:283,(anonymous_24)
FN:284,(anonymous_25)
FN:282,(anonymous_26)
FN:283,(anonymous_27)
FN:284,(anonymous_28)
FN:327,(anonymous_29)
FN:341,(anonymous_30)
FNF:31
FNH:0
FNDA:0,(anonymous_0)
FNDA:0,(anonymous_1)
FNDA:0,(anonymous_2)
FNDA:0,(anonymous_3)
FNDA:0,(anonymous_4)
FNDA:0,(anonymous_5)
FNDA:0,(anonymous_6)
FNDA:0,(anonymous_7)
FNDA:0,(anonymous_8)
FNDA:0,(anonymous_9)
FNDA:0,(anonymous_10)
FNDA:0,(anonymous_11)
FNDA:0,(anonymous_12)
FNDA:0,(anonymous_13)
FNDA:0,(anonymous_14)
FNDA:0,(anonymous_15)
FNDA:0,(anonymous_16)
FNDA:0,(anonymous_17)
FNDA:0,(anonymous_18)
FNDA:0,(anonymous_19)
FNDA:0,(anonymous_20)
FNDA:0,(anonymous_21)
FNDA:0,(anonymous_22)
FNDA:0,(anonymous_23)
FNDA:0,(anonymous_24)
FNDA:0,(anonymous_25)
FNDA:0,(anonymous_26)
FNDA:0,(anonymous_27)
FNDA:0,(anonymous_28)
FNDA:0,(anonymous_29)
FNDA:0,(anonymous_30)
DA:40,0
DA:41,0
DA:42,0
DA:43,0
DA:46,0
DA:49,0
DA:52,0
DA:55,0
DA:56,0
DA:57,0
DA:59,0
DA:60,0
DA:61,0
DA:62,0
DA:63,0
DA:65,0
DA:66,0
DA:67,0
DA:68,0
DA:69,0
DA:72,0
DA:73,0
DA:74,0
DA:75,0
DA:79,0
DA:83,0
DA:84,0
DA:88,0
DA:89,0
DA:90,0
DA:92,0
DA:97,0
DA:98,0
DA:102,0
DA:103,0
DA:104,0
DA:106,0
DA:107,0
DA:112,0
DA:113,0
DA:114,0
DA:116,0
DA:119,0
DA:120,0
DA:125,0
DA:126,0
DA:127,0
DA:129,0
DA:132,0
DA:133,0
DA:138,0
DA:139,0
DA:140,0
DA:142,0
DA:143,0
[...]
FNDA:0,(anonymous_16)
FNDA:0,(anonymous_17)
FNDA:0,(anonymous_18)
FNDA:0,(anonymous_19)
FNDA:0,(anonymous_20)
FNDA:0,(anonymous_21)
FNDA:0,(anonymous_22)
FNDA:0,(anonymous_23)
FNDA:0,(anonymous_24)
DA:26,0
DA:27,0
DA:42,0
DA:47,0
DA:50,0
DA:51,0
DA:55,0
DA:56,0
DA:60,0
DA:61,0
DA:62,0
DA:63,0
DA:69,0
DA:74,0
DA:75,0
DA:79,0
DA:80,0
DA:85,0
DA:90,0
DA:95,0
DA:104,0
DA:105,0
DA:107,0
DA:108,0
DA:110,0
DA:113,0
DA:114,0
DA:121,0
DA:122,0
DA:124,0
DA:125,0
DA:126,0
DA:127,0
DA:129,0
DA:131,0
DA:139,0
DA:146,0
DA:153,0
DA:154,0
DA:155,0
DA:162,0
DA:169,0
DA:180,0
DA:181,0
DA:182,0
DA:190,0
DA:191,0
DA:192,0
DA:193,0
DA:201,0
DA:202,0
LF:51
LH:0
BRDA:50,0,0,0
BRDA:50,0,1,0
BRDA:55,1,0,0
BRDA:55,1,1,0
BRDA:60,2,0,0
BRDA:60,2,1,0
BRDA:63,3,0,0
BRDA:63,3,1,0
BRDA:63,3,2,0
BRDA:80,4,0,0
BRDA:80,4,1,0
BRDA:95,5,0,0
BRDA:95,5,1,0
BRDA:107,6,0,0
BRDA:107,6,1,0
BRDA:180,7,0,0
BRDA:180,7,1,0
BRDA:191,8,0,0
BRDA:191,8,1,0
BRF:19
BRH:0
end_of_record
TN:
SF:src/stores/intelligence.ts
FN:100,(anonymous_0)
FN:118,(anonymous_1)
FN:121,(anonymous_2)
FN:124,(anonymous_3)
FN:130,(anonymous_4)
FN:136,(anonymous_5)
FN:142,(anonymous_6)
FN:150,(anonymous_7)
FN:158,(anonymous_8)
FN:160,(anonymous_9)
FN:165,(anonymous_10)
FN:166,(anonymous_11)
FN:170,(anonymous_12)
FN:173,(anonymous_13)
FN:177,(anonymous_14)
FN:182,(anonymous_15)
FN:192,(anonymous_16)
FN:201,(anonymous_17)
FN:252,(anonymous_18)
FN:259,(anonymous_19)
FN:272,(anonymous_20)
FN:285,(anonymous_21)
FN:292,(anonymous_22)
FN:302,(anonymous_23)
FN:324,(anonymous_24)
FN:346,(anonymous_25)
FN:356,(anonymous_26)
FN:371,(anonymous_27)
FN:388,(anonymous_28)
FN:403,(anonymous_29)
FN:418,(anonymous_30)
FN:440,(anonymous_31)
FN:459,(anonymous_32)
FN:485,(anonymous_33)
FN:492,(anonymous_34)
FNF:35
FNH:0
FNDA:0,(anonymous_0)
FNDA:0,(anonymous_1)
FNDA:0,(anonymous_2)
FNDA:0,(anonymous_3)
FNDA:0,(anonymous_4)
FNDA:0,(anonymous_5)
FNDA:0,(anonymous_6)
FNDA:0,(anonymous_7)
FNDA:0,(anonymous_8)
FNDA:0,(anonymous_9)
FNDA:0,(anonymous_10)
FNDA:0,(anonymous_11)
FNDA:0,(anonymous_12)
FNDA:0,(anonymous_13)
FNDA:0,(anonymous_14)
FNDA:0,(anonymous_15)
FNDA:0,(anonymous_16)
FNDA:0,(anonymous_17)
FNDA:0,(anonymous_18)
FNDA:0,(anonymous_19)
FNDA:0,(anonymous_20)
FNDA:0,(anonymous_21)
FNDA:0,(anonymous_22)
FNDA:0,(anonymous_23)
FNDA:0,(anonymous_24)
FNDA:0,(anonymous_25)
FNDA:0,(anonymous_26)
FNDA:0,(anonymous_27)
FNDA:0,(anonymous_28)
FNDA:0,(anonymous_29)
FNDA:0,(anonymous_30)
FNDA:0,(anonymous_31)
FNDA:0,(anonymous_32)
FNDA:0,(anonymous_33)
FNDA:0,(anonymous_34)
DA:85,0
DA:94,0
DA:99,0
DA:100,0
DA:118,0
DA:121,0
DA:125,0
DA:126,0
DA:131,0
DA:132,0
DA:137,0
DA:138,0
DA:143,0
DA:144,0
DA:146,0
DA:151,0
DA:152,0
DA:154,0
DA:159,0
DA:160,0
DA:166,0
DA:171,0
DA:172,0
DA:173,0
DA:178,0
DA:183,0
DA:184,0
DA:185,0
DA:186,0
DA:187,0
DA:193,0
DA:202,0
DA:203,0
DA:205,0
DA:207,0
DA:209,0
DA:210,0
DA:214,0
DA:215,0
DA:217,0
DA:220,0
DA:221,0
DA:222,0
DA:223,0
DA:224,0
DA:225,0
DA:226,0
DA:227,0
DA:228,0
DA:231,0
DA:236,0
DA:237,0
DA:239,0
DA:242,0
DA:243,0
DA:245,0
DA:253,0
DA:260,0
DA:263,0
DA:264,0
DA:273,0
DA:274,0
DA:286,0
DA:293,0
DA:294,0
DA:295,0
DA:303,0
DA:304,0
DA:306,0
DA:311,0
DA:312,0
DA:314,0
DA:317,0
DA:325,0
DA:326,0
DA:327,0
DA:330,0
DA:334,0
DA:347,0
DA:357,0
DA:358,0
DA:359,0
DA:360,0
DA:361,0
DA:362,0
DA:363,0
DA:364,0
DA:372,0
DA:373,0
DA:374,0
DA:378,0
DA:379,0
DA:389,0
DA:390,0
DA:391,0
DA:392,0
DA:393,0
DA:396,0
DA:404,0
DA:405,0
DA:406,0
DA:407,0
DA:408,0
DA:411,0
DA:419,0
DA:420,0
DA:421,0
DA:422,0
DA:428,0
DA:429,0
DA:432,0
DA:434,0
DA:441,0
DA:442,0
DA:448,0
DA:451,0
DA:452,0
DA:460,0
DA:461,0
DA:463,0
DA:465,0
DA:466,0
DA:469,0
DA:476,0
DA:478,0
DA:486,0
DA:500,0
DA:501,0
DA:502,0
DA:505,0
LF:130
LH:0
BRDA:126,0,0,0
BRDA:126,0,1,0
BRDA:126,0,2,0
BRDA:131,1,0,0
BRDA:131,1,1,0
BRDA:137,2,0,0
BRDA:137,2,1,0
BRDA:138,3,0,0
BRDA:138,3,1,0
BRDA:143,4,0,0
BRDA:143,4,1,0
BRDA:143,5,0,0
BRDA:143,5,1,0
BRDA:146,6,0,0
BRDA:146,6,1,0
BRDA:151,7,0,0
BRDA:151,7,1,0
BRDA:160,8,0,0
BRDA:160,8,1,0
BRDA:172,9,0,0
BRDA:172,9,1,0
BRDA:173,10,0,0
BRDA:173,10,1,0
BRDA:178,11,0,0
BRDA:178,11,1,0
BRDA:183,12,0,0
BRDA:183,12,1,0
BRDA:183,12,2,0
BRDA:183,12,3,0
BRDA:193,13,0,0
BRDA:193,13,1,0
BRDA:202,14,0,0
BRDA:202,14,1,0
BRDA:203,15,0,0
BRDA:203,15,1,0
BRDA:209,16,0,0
BRDA:209,16,1,0
BRDA:220,17,0,0
BRDA:220,17,1,0
BRDA:220,18,0,0
BRDA:220,18,1,0
BRDA:224,19,0,0
BRDA:224,19,1,0
BRDA:226,20,0,0
BRDA:226,20,1,0
BRDA:236,21,0,0
BRDA:236,21,1,0
BRDA:253,22,0,0
BRDA:253,22,1,0
BRDA:263,23,0,0
BRDA:263,23,1,0
BRDA:263,24,0,0
BRDA:263,24,1,0
BRDA:294,25,0,0
BRDA:294,25,1,0
BRDA:306,26,0,0
BRDA:306,26,1,0
BRDA:307,27,0,0
BRDA:307,27,1,0
BRDA:312,28,0,0
BRDA:312,28,1,0
BRDA:326,29,0,0
BRDA:326,29,1,0
BRDA:373,30,0,0
BRDA:373,30,1,0
BRDA:378,31,0,0
BRDA:378,31,1,0
BRDA:390,32,0,0
BRDA:390,32,1,0
BRDA:405,33,0,0
BRDA:405,33,1,0
BRDA:420,34,0,0
BRDA:420,34,1,0
BRDA:451,35,0,0
BRDA:451,35,1,0
BRDA:451,36,0,0
BRDA:451,36,1,0
BRDA:460,37,0,0
BRDA:460,37,1,0
BRDA:461,38,0,0
BRDA:461,38,1,0
BRDA:501,39,0,0
BRDA:501,39,1,0
BRF:83
BRH:0
end_of_record
TN:
SF:src/stores/merge.ts
FN:27,(anonymous_0)
FN:31,(anonymous_1)
FN:32,(anonymous_2)
FN:36,(anonymous_3)
FN:37,(anonymous_4)
FN:41,(anonymous_5)
FN:42,(anonymous_6)
FN:46,(anonymous_7)
FN:48,(anonymous_8)
FN:52,(anonymous_9)
FN:57,(anonymous_10)
FN:58,(anonymous_11)
FN:66,(anonymous_12)
FN:90,(anonymous_13)
FN:102,(anonymous_14)
FN:124,(anonymous_15)
FN:183,(anonymous_16)
FN:184,(anonymous_17)
FN:196,(anonymous_18)
FN:248,(anonymous_19)
FN:257,(anonymous_20)
FN:267,(anonymous_21)
FN:283,(anonymous_22)
FN:301,(anonymous_23)
FN:319,(anonymous_24)
FN:320,(anonymous_25)
FN:329,(anonymous_26)
FN:330,(anonymous_27)
FN:339,(anonymous_28)
FNF:29
FNH:26
FNDA:18,(anonymous_0)
FNDA:3,(anonymous_1)
FNDA:2,(anonymous_2)
FNDA:1,(anonymous_3)
FNDA:3,(anonymous_4)
FNDA:1,(anonymous_5)
FNDA:3,(anonymous_6)
FNDA:2,(anonymous_7)
FNDA:1,(anonymous_8)
FNDA:0,(anonymous_9)
FNDA:3,(anonymous_10)
FNDA:4,(anonymous_11)
FNDA:2,(anonymous_12)
FNDA:1,(anonymous_13)
FNDA:1,(anonymous_14)
FNDA:4,(anonymous_15)
FNDA:1,(anonymous_16)
FNDA:1,(anonymous_17)
FNDA:3,(anonymous_18)
FNDA:0,(anonymous_19)
FNDA:1,(anonymous_20)
FNDA:1,(anonymous_21)
FNDA:1,(anonymous_22)
FNDA:0,(anonymous_23)
FNDA:1,(anonymous_24)
FNDA:2,(anonymous_25)
FNDA:1,(anonymous_26)
FNDA:2,(anonymous_27)
FNDA:2,(anonymous_28)
DA:14,1
DA:26,1
DA:27,18
DA:32,3
DA:37,3
DA:42,3
DA:47,2
DA:48,1
DA:53,0
DA:58,4
DA:67,2
DA:68,2
DA:70,2
DA:71,2
DA:72,1
DA:73,1
DA:75,1
DA:76,1
DA:78,0
DA:81,1
DA:83,2
DA:91,1
DA:92,1
DA:93,1
DA:95,0
DA:103,1
DA:104,1
DA:105,1
DA:107,1
DA:108,1
DA:109,1
DA:110,1
DA:113,1
DA:115,0
DA:117,1
DA:125,4
DA:126,4
DA:127,4
DA:128,4
DA:130,4
DA:131,8
DA:132,5
DA:133,5
DA:134,5
DA:135,5
DA:136,5
DA:138,5
DA:140,5
DA:141,17
DA:142,1
DA:143,1
DA:144,1
DA:146,16
DA:147,5
DA:148,5
DA:149,5
DA:152,11
DA:153,5
DA:154,6
DA:155,1
DA:157,5
DA:159,11
DA:162,5
DA:164,5
DA:174,8
DA:177,4
DA:184,1
DA:185,1
DA:187,1
DA:190,1
DA:197,3
DA:199,3
DA:200,3
DA:201,3
DA:202,3
DA:203,3
DA:205,3
DA:206,3
DA:207,1
DA:210,1
DA:212,1
DA:213,1
DA:215,0
DA:216,0
DA:218,0
DA:219,0
DA:220,0
DA:223,0
DA:224,0
DA:225,0
DA:227,0
DA:228,0
DA:232,1
DA:233,4
DA:235,1
DA:237,2
DA:239,3
DA:242,3
DA:249,0
DA:251,0
DA:258,1
DA:260,1
DA:261,1
DA:263,1
DA:264,1
DA:267,1
DA:268,1
DA:269,1
DA:270,1
DA:273,0
DA:274,0
DA:276,1
DA:284,1
DA:285,1
DA:287,1
DA:288,1
DA:289,1
DA:291,0
DA:292,0
DA:294,1
DA:302,0
DA:303,0
DA:305,0
DA:306,0
DA:307,0
DA:309,0
DA:310,0
DA:312,0
DA:320,1
DA:321,2
DA:323,1
DA:330,1
DA:331,2
DA:333,1
DA:340,2
LF:135
LH:107
BRDA:47,0,0,1
BRDA:47,0,1,1
BRDA:48,1,0,1
BRDA:48,1,1,0
BRDA:53,2,0,0
BRDA:53,2,1,0
BRDA:58,3,0,3
BRDA:58,3,1,2
BRDA:75,4,0,1
BRDA:75,4,1,0
BRDA:75,5,0,1
BRDA:75,5,1,1
BRDA:131,6,0,5
BRDA:131,6,1,3
BRDA:140,7,0,5
BRDA:140,7,1,22
BRDA:141,8,0,1
BRDA:141,8,1,16
BRDA:146,9,0,5
BRDA:146,9,1,11
BRDA:152,10,0,5
BRDA:152,10,1,6
BRDA:154,11,0,1
BRDA:154,11,1,5
BRDA:185,12,0,0
BRDA:185,12,1,1
BRDA:197,13,0,0
BRDA:197,13,1,3
BRDA:206,14,0,1
BRDA:206,14,1,2
BRDA:206,15,0,3
BRDA:206,15,1,1
BRDA:210,16,0,1
BRDA:210,16,1,0
BRDA:210,16,2,0
BRDA:210,16,3,0
BRDA:223,17,0,0
BRDA:223,17,1,0
BRDA:232,18,0,1
BRDA:232,18,1,5
BRDA:258,19,0,0
BRDA:258,19,1,1
BRDA:268,20,0,1
BRDA:268,20,1,0
BRF:44
BRH:31
end_of_record
TN:
SF:src/stores/mergereqstreview.ts
FNF:0
FNH:0
LF:0
LH:0
BRF:0
BRH:0
end_of_record
TN:
SF:src/stores/rebase.ts
FN:31,(anonymous_0)
FN:35,(anonymous_1)
FN:40,(anonymous_2)
FN:45,(anonymous_3)
FN:52,(anonymous_4)
FN:53,(anonymous_5)
FN:57,(anonymous_6)
FN:58,(anonymous_7)
FN:62,(anonymous_8)
FN:82,(anonymous_9)
FN:99,(anonymous_10)
FN:111,(anonymous_11)
FN:129,(anonymous_12)
FN:136,(anonymous_13)
FN:137,(anonymous_14)
FN:146,(anonymous_15)
FN:147,(anonymous_16)
FN:156,(anonymous_17)
FN:166,(anonymous_18)
FN:177,(anonymous_19)
FN:207,(anonymous_20)
FN:240,(anonymous_21)
FN:272,(anonymous_22)
FN:300,(anonymous_23)
FNF:24
FNH:24
FNDA:20,(anonymous_0)
FNDA:5,(anonymous_1)
FNDA:3,(anonymous_2)
FNDA:3,(anonymous_3)
FNDA:1,(anonymous_4)
FNDA:3,(anonymous_5)
FNDA:1,(anonymous_6)
FNDA:3,(anonymous_7)
FNDA:1,(anonymous_8)
FNDA:5,(anonymous_9)
FNDA:1,(anonymous_10)
FNDA:2,(anonymous_11)
FNDA:5,(anonymous_12)
FNDA:1,(anonymous_13)
FNDA:1,(anonymous_14)
FNDA:1,(anonymous_15)
FNDA:1,(anonymous_16)
FNDA:1,(anonymous_17)
FNDA:2,(anonymous_18)
FNDA:1,(anonymous_19)
FNDA:1,(anonymous_20)
FNDA:1,(anonymous_21)
FNDA:1,(anonymous_22)
FNDA:1,(anonymous_23)
DA:13,1
DA:23,1
DA:30,1
DA:31,20
DA:36,5
DA:41,3
DA:46,3
DA:47,3
DA:48,1
DA:53,3
DA:58,3
DA:63,1
DA:64,1
DA:65,1
DA:66,4
DA:67,4
DA:68,3
DA:70,1
DA:72,2
DA:74,1
DA:83,5
DA:84,5
DA:86,5
DA:87,5
DA:88,4
DA:90,1
DA:92,5
DA:100,1
DA:101,1
DA:102,1
DA:104,1
DA:106,1
DA:108,1
DA:111,2
DA:120,0
DA:122,1
DA:130,5
DA:137,1
DA:138,1
DA:139,1
DA:147,1
DA:148,1
DA:149,1
DA:157,1
DA:158,1
DA:159,1
DA:160,1
DA:167,2
DA:168,1
DA:171,1
DA:172,1
DA:174,1
DA:175,1
DA:177,1
DA:184,1
DA:186,1
DA:189,1
DA:190,1
DA:194,1
DA:196,0
DA:197,0
DA:198,0
DA:200,1
DA:208,1
DA:209,0
DA:212,1
DA:213,1
DA:215,1
DA:216,1
DA:218,1
DA:219,1
DA:222,1
DA:223,1
DA:227,1
DA:229,0
DA:230,0
DA:231,0
DA:233,1
DA:241,1
DA:242,0
DA:245,1
DA:246,1
DA:248,1
DA:249,1
DA:251,1
DA:252,1
DA:254,1
DA:255,1
DA:259,1
DA:261,0
DA:262,0
DA:263,0
DA:265,1
DA:273,1
DA:274,0
DA:277,1
DA:278,1
DA:280,1
DA:281,1
DA:283,1
DA:284,1
DA:287,1
DA:289,0
DA:290,0
DA:291,0
DA:293,1
DA:301,1
LF:107
LH:91
BRDA:36,0,0,5
BRDA:36,0,1,1
BRDA:41,1,0,3
BRDA:41,1,1,0
BRDA:47,2,0,2
BRDA:47,2,1,1
BRDA:47,3,0,3
BRDA:47,3,1,2
BRDA:58,4,0,3
BRDA:58,4,1,2
BRDA:67,5,0,1
BRDA:67,5,1,3
BRDA:68,6,0,1
BRDA:68,6,1,2
BRDA:68,7,0,3
BRDA:68,7,1,2
BRDA:138,8,0,1
BRDA:138,8,1,0
BRDA:148,9,0,1
BRDA:148,9,1,0
BRDA:167,10,0,1
BRDA:167,10,1,1
BRDA:180,11,0,1
BRDA:180,11,1,1
BRDA:184,12,0,1
BRDA:184,12,1,0
BRDA:189,13,0,1
BRDA:189,13,1,0
BRDA:189,14,0,1
BRDA:189,14,1,1
BRDA:208,15,0,0
BRDA:208,15,1,1
BRDA:218,16,0,1
BRDA:218,16,1,0
BRDA:222,17,0,1
BRDA:222,17,1,0
BRDA:241,18,0,0
BRDA:241,18,1,1
BRDA:251,19,0,1
BRDA:251,19,1,0
BRDA:254,20,0,1
BRDA:254,20,1,0
BRDA:273,21,0,0
BRDA:273,21,1,1
BRDA:283,22,0,1
BRDA:283,22,1,0
BRF:46
BRH:33
end_of_record
TN:
SF:src/stores/reflog.ts
FN:25,groupEntriesByDate
FN:54,(anonymous_1)
FN:76,(anonymous_2)
FN:80,(anonymous_3)
FN:88,(anonymous_4)
FN:98,(anonymous_5)
FN:105,(anonymous_6)
FN:108,(anonymous_7)
FN:113,(anonymous_8)
FN:120,(anonymous_9)
FN:125,(anonymous_10)
FN:130,(anonymous_11)
FN:135,(anonymous_12)
FN:144,(anonymous_13)
FN:153,(anonymous_14)
FN:181,(anonymous_15)
FN:189,(anonymous_16)
FN:216,(anonymous_17)
FN:224,(anonymous_18)
FN:231,(anonymous_19)
FN:243,(anonymous_20)
FN:250,(anonymous_21)
FN:257,(anonymous_22)
FN:264,(anonymous_23)
FN:271,(anonymous_24)
FN:278,(anonymous_25)
FN:285,(anonymous_26)
FNF:27
FNH:18
FNDA:3,groupEntriesByDate
FNDA:4,(anonymous_1)
FNDA:16,(anonymous_2)
FNDA:2,(anonymous_3)
FNDA:6,(anonymous_4)
FNDA:2,(anonymous_5)
FNDA:0,(anonymous_6)
FNDA:0,(anonymous_7)
FNDA:0,(anonymous_8)
FNDA:0,(anonymous_9)
FNDA:2,(anonymous_10)
FNDA:1,(anonymous_11)
FNDA:0,(anonymous_12)
FNDA:3,(anonymous_13)
FNDA:3,(anonymous_14)
FNDA:1,(anonymous_15)
FNDA:1,(anonymous_16)
FNDA:0,(anonymous_17)
FNDA:2,(anonymous_18)
FNDA:0,(anonymous_19)
FNDA:2,(anonymous_20)
FNDA:1,(anonymous_21)
FNDA:0,(anonymous_22)
FNDA:0,(anonymous_23)
FNDA:1,(anonymous_24)
FNDA:1,(anonymous_25)
FNDA:1,(anonymous_26)
DA:15,1
DA:26,3
DA:27,3
DA:28,3
DA:29,3
DA:31,3
DA:32,4
DA:33,4
DA:36,4
DA:37,1
DA:38,3
DA:39,0
DA:41,3
DA:48,4
DA:49,4
DA:51,4
DA:54,4
DA:61,1
DA:75,1
DA:76,16
DA:81,2
DA:83,2
DA:86,2
DA:87,2
DA:88,2
DA:89,6
DA:97,2
DA:98,1
DA:99,2
DA:104,2
DA:105,0
DA:107,2
DA:108,0
DA:112,2
DA:113,0
DA:116,2
DA:121,0
DA:126,2
DA:131,1
DA:136,0
DA:145,3
DA:146,3
DA:147,3
DA:149,3
DA:150,3
DA:153,3
DA:170,2
DA:172,1
DA:174,3
DA:182,1
DA:183,1
DA:184,1
DA:186,1
DA:187,1
DA:189,1
DA:205,1
DA:207,0
DA:209,1
DA:217,0
DA:218,0
DA:225,2
DA:232,0
DA:233,0
DA:234,0
DA:236,0
DA:244,2
DA:251,1
DA:258,0
DA:265,0
DA:272,1
DA:279,1
DA:286,1
LF:72
LH:57
BRDA:36,0,0,1
BRDA:36,0,1,3
BRDA:38,1,0,0
BRDA:38,1,1,3
BRDA:48,2,0,4
BRDA:48,2,1,0
BRDA:86,3,0,2
BRDA:86,3,1,0
BRDA:89,4,0,6
BRDA:89,4,1,3
BRDA:89,4,2,3
BRDA:89,4,3,3
BRDA:97,5,0,1
BRDA:97,5,1,1
BRDA:104,6,0,0
BRDA:104,6,1,2
BRDA:107,7,0,0
BRDA:107,7,1,2
BRDA:112,8,0,0
BRDA:112,8,1,2
BRDA:144,9,0,3
BRDA:181,10,0,1
BRDA:217,11,0,0
BRDA:217,11,1,0
BRDA:233,12,0,0
BRDA:233,12,1,0
BRDA:278,13,0,1
BRF:27
BRH:17
end_of_record
TN:
SF:src/stores/settings.ts
FN:19,(anonymous_0)
FN:28,(anonymous_1)
FN:35,(anonymous_2)
FN:42,(anonymous_3)
FN:55,(anonymous_4)
FN:62,(anonymous_5)
FN:69,(anonymous_6)
FN:76,(anonymous_7)
FN:86,(anonymous_8)
FN:118,(anonymous_9)
FN:135,(anonymous_10)
FN:143,(anonymous_11)
FN:151,(anonymous_12)
FN:159,(anonymous_13)
FN:167,(anonymous_14)
FN:175,(anonymous_15)
FN:183,(anonymous_16)
FN:192,(anonymous_17)
FN:200,(anonymous_18)
FN:211,(anonymous_19)
FN:222,(anonymous_20)
FN:230,(anonymous_21)
FN:238,(anonymous_22)
FN:246,(anonymous_23)
FNF:24
FNH:0
FNDA:0,(anonymous_0)
FNDA:0,(anonymous_1)
FNDA:0,(anonymous_2)
FNDA:0,(anonymous_3)
FNDA:0,(anonymous_4)
FNDA:0,(anonymous_5)
FNDA:0,(anonymous_6)
FNDA:0,(anonymous_7)
FNDA:0,(anonymous_8)
FNDA:0,(anonymous_9)
FNDA:0,(anonymous_10)
FNDA:0,(anonymous_11)
FNDA:0,(anonymous_12)
FNDA:0,(anonymous_13)
FNDA:0,(anonymous_14)
FNDA:0,(anonymous_15)
FNDA:0,(anonymous_16)
FNDA:0,(anonymous_17)
FNDA:0,(anonymous_18)
FNDA:0,(anonymous_19)
FNDA:0,(anonymous_20)
FNDA:0,(anonymous_21)
FNDA:0,(anonymous_22)
FNDA:0,(anonymous_23)
DA:11,0
DA:18,0
DA:19,0
DA:29,0
DA:36,0
DA:43,0
DA:44,0
DA:46,0
DA:47,0
DA:49,0
DA:56,0
DA:63,0
DA:70,0
DA:77,0
DA:87,0
DA:89,0
DA:90,0
DA:91,0
DA:92,0
DA:95,0
DA:96,0
DA:98,0
DA:99,0
DA:101,0
DA:102,0
DA:104,0
DA:105,0
DA:109,0
DA:112,0
DA:119,0
DA:120,0
DA:126,0
DA:128,0
DA:136,0
DA:137,0
DA:144,0
DA:145,0
DA:152,0
DA:153,0
DA:160,0
DA:161,0
DA:168,0
DA:169,0
DA:176,0
DA:177,0
DA:184,0
DA:185,0
DA:186,0
DA:193,0
DA:194,0
DA:201,0
DA:205,0
DA:212,0
DA:216,0
DA:223,0
DA:224,0
DA:231,0
DA:232,0
DA:239,0
DA:240,0
DA:247,0
DA:248,0
LF:62
LH:0
BRDA:43,0,0,0
BRDA:43,0,1,0
BRDA:46,1,0,0
BRDA:46,1,1,0
BRDA:70,2,0,0
BRDA:70,2,1,0
BRDA:87,3,0,0
BRDA:87,3,1,0
BRDA:91,4,0,0
BRDA:91,4,1,0
BRDA:95,5,0,0
BRDA:95,5,1,0
BRDA:98,6,0,0
BRDA:98,6,1,0
BRDA:101,7,0,0
BRDA:101,7,1,0
BRDA:104,8,0,0
BRDA:104,8,1,0
BRF:18
BRH:0
end_of_record
TN:
SF:src/stores/terminal.ts
FN:10,(anonymous_0)
FN:17,(anonymous_1)
FN:19,(anonymous_2)
FN:23,(anonymous_3)
FN:32,(anonymous_4)
FN:51,(anonymous_5)
FN:52,(anonymous_6)
FN:73,(anonymous_7)
FN:74,(anonymous_8)
FN:83,(anonymous_9)
FN:84,(anonymous_10)
FN:93,(anonymous_11)
FN:94,(anonymous_12)
FN:103,(anonymous_13)
FNF:14
FNH:0
FNDA:0,(anonymous_0)
FNDA:0,(anonymous_1)
FNDA:0,(anonymous_2)
FNDA:0,(anonymous_3)
FNDA:0,(anonymous_4)
FNDA:0,(anonymous_5)
FNDA:0,(anonymous_6)
FNDA:0,(anonymous_7)
FNDA:0,(anonymous_8)
FNDA:0,(anonymous_9)
FNDA:0,(anonymous_10)
FNDA:0,(anonymous_11)
FNDA:0,(anonymous_12)
FNDA:0,(anonymous_13)
DA:9,0
DA:10,0
DA:18,0
DA:19,0
DA:24,0
DA:33,0
DA:34,0
DA:42,0
DA:43,0
DA:45,0
DA:52,0
DA:53,0
DA:55,0
DA:58,0
DA:59,0
DA:60,0
DA:62,0
DA:63,0
DA:67,0
DA:74,0
DA:75,0
DA:76,0
DA:84,0
DA:85,0
DA:86,0
DA:94,0
DA:95,0
DA:96,0
DA:104,0
DA:105,0
LF:30
LH:0
BRDA:18,0,0,0
BRDA:18,0,1,0
BRDA:19,1,0,0
BRDA:19,1,1,0
BRDA:36,2,0,0
BRDA:36,2,1,0
BRDA:53,3,0,0
BRDA:53,3,1,0
BRDA:58,4,0,0
BRDA:58,4,1,0
BRDA:59,5,0,0
BRDA:59,5,1,0
BRDA:75,6,0,0
BRDA:75,6,1,0
BRDA:85,7,0,0
BRDA:85,7,1,0
BRDA:95,8,0,0
BRDA:95,8,1,0
BRF:18
BRH:0
end_of_record
TN:
SF:src/stores/theme.ts
FN:31,(anonymous_0)
FN:43,(anonymous_1)
FN:53,(anonymous_2)
FN:66,(anonymous_3)
FN:72,(anonymous_4)
FN:99,(anonymous_5)
FN:109,(anonymous_6)
FN:120,(anonymous_7)
FN:139,(anonymous_8)
FN:149,(anonymous_9)
FN:155,(anonymous_10)
FN:156,(anonymous_11)
FN:167,(anonymous_12)
FN:182,(anonymous_13)
FNF:14
FNH:0
FNDA:0,(anonymous_0)
FNDA:0,(anonymous_1)
FNDA:0,(anonymous_2)
FNDA:0,(anonymous_3)
FNDA:0,(anonymous_4)
FNDA:0,(anonymous_5)
FNDA:0,(anonymous_6)
FNDA:0,(anonymous_7)
FNDA:0,(anonymous_8)
FNDA:0,(anonymous_9)
FNDA:0,(anonymous_10)
FNDA:0,(anonymous_11)
FNDA:0,(anonymous_12)
FNDA:0,(anonymous_13)
DA:16,0
DA:17,0
DA:30,0
DA:31,0
DA:44,0
DA:45,0
DA:47,0
DA:54,0
DA:55,0
DA:57,0
DA:68,0
DA:69,0
DA:72,0
DA:73,0
DA:74,0
DA:75,0
DA:80,0
DA:81,0
DA:82,0
DA:86,0
DA:87,0
DA:88,0
DA:89,0
DA:93,0
DA:100,0
DA:101,0
DA:102,0
DA:110,0
DA:111,0
DA:113,0
DA:121,0
DA:124,0
DA:127,0
DA:129,0
DA:131,0
DA:140,0
DA:141,0
DA:142,0
DA:150,0
DA:151,0
DA:152,0
DA:153,0
DA:155,0
DA:156,0
DA:157,0
DA:158,0
DA:159,0
DA:160,0
DA:161,0
DA:163,0
DA:164,0
DA:167,0
DA:168,0
DA:169,0
DA:171,0
DA:174,0
DA:175,0
DA:183,0
DA:184,0
DA:185,0
LF:60
LH:0
BRDA:44,0,0,0
BRDA:44,0,1,0
BRDA:54,1,0,0
BRDA:54,1,1,0
BRDA:55,2,0,0
BRDA:55,2,1,0
BRDA:74,3,0,0
BRDA:74,3,1,0
BRDA:81,4,0,0
BRDA:81,4,1,0
BRDA:81,5,0,0
BRDA:81,5,1,0
BRDA:87,6,0,0
BRDA:87,6,1,0
BRDA:110,7,0,0
BRDA:110,7,1,0
BRDA:127,8,0,0
BRDA:127,8,1,0
BRDA:129,9,0,0
BRDA:129,9,1,0
BRF:20
BRH:0
end_of_record
TN:
SF:src/stores/todos.ts
FN:43,(anonymous_0)
FN:59,(anonymous_1)
FN:64,(anonymous_2)
FN:70,(anonymous_3)
FN:79,(anonymous_4)
FN:83,(anonymous_5)
FN:106,(anonymous_6)
FN:118,(anonymous_7)
FN:128,(anonymous_8)
FN:134,(anonymous_9)
FN:137,(anonymous_10)
FN:151,(anonymous_11)
FN:160,(anonymous_12)
FN:165,(anonymous_13)
FN:183,(anonymous_14)
FN:189,(anonymous_15)
FN:210,(anonymous_16)
FN:211,(anonymous_17)
FN:218,(anonymous_18)
FN:225,(anonymous_19)
FN:237,(anonymous_20)
FN:248,(anonymous_21)
FNF:22
FNH:0
FNDA:0,(anonymous_0)
FNDA:0,(anonymous_1)
FNDA:0,(anonymous_2)
FNDA:0,(anonymous_3)
FNDA:0,(anonymous_4)
FNDA:0,(anonymous_5)
FNDA:0,(anonymous_6)
FNDA:0,(anonymous_7)
FNDA:0,(anonymous_8)
FNDA:0,(anonymous_9)
FNDA:0,(anonymous_10)
FNDA:0,(anonymous_11)
FNDA:0,(anonymous_12)
FNDA:0,(anonymous_13)
FNDA:0,(anonymous_14)
FNDA:0,(anonymous_15)
FNDA:0,(anonymous_16)
FNDA:0,(anonymous_17)
FNDA:0,(anonymous_18)
FNDA:0,(anonymous_19)
FNDA:0,(anonymous_20)
FNDA:0,(anonymous_21)
DA:42,0
DA:43,0
DA:60,0
DA:63,0
DA:64,0
DA:68,0
DA:69,0
DA:70,0
DA:71,0
DA:77,0
DA:78,0
DA:79,0
DA:83,0
DA:84,0
DA:85,0
DA:87,0
DA:88,0
DA:90,0
DA:91,0
DA:93,0
DA:94,0
DA:96,0
DA:97,0
DA:99,0
DA:102,0
DA:107,0
DA:108,0
DA:109,0
DA:110,0
DA:112,0
DA:114,0
DA:119,0
DA:120,0
DA:121,0
DA:122,0
DA:124,0
DA:127,0
DA:128,0
DA:130,0
DA:134,0
DA:138,0
DA:152,0
DA:161,0
DA:162,0
DA:164,0
DA:165,0
DA:171,0
DA:172,0
DA:174,0
DA:176,0
DA:184,0
DA:186,0
DA:189,0
DA:192,0
DA:193,0
DA:200,0
DA:201,0
DA:203,0
DA:211,0
DA:212,0
DA:219,0
DA:226,0
DA:227,0
DA:228,0
DA:230,0
DA:238,0
DA:249,0
DA:250,0
DA:252,0
DA:253,0
LF:70
LH:0
BRDA:63,0,0,0
BRDA:63,0,1,0
BRDA:68,1,0,0
BRDA:68,1,1,0
BRDA:71,2,0,0
BRDA:71,2,1,0
BRDA:77,3,0,0
BRDA:77,3,1,0
BRDA:85,4,0,0
BRDA:85,4,1,0
BRDA:85,4,2,0
BRDA:85,4,3,0
BRDA:93,5,0,0
BRDA:93,5,1,0
BRDA:99,6,0,0
BRDA:99,6,1,0
BRDA:109,7,0,0
BRDA:109,7,1,0
BRDA:121,8,0,0
BRDA:121,8,1,0
BRDA:134,9,0,0
BRDA:134,9,1,0
BRDA:138,10,0,0
BRDA:138,10,1,0
BRDA:152,11,0,0
BRDA:152,11,1,0
BRDA:152,12,0,0
BRDA:152,12,1,0
BRDA:167,13,0,0
BRDA:167,13,1,0
BRDA:227,14,0,0
BRDA:227,14,1,0
BRDA:249,15,0,0
BRDA:249,15,1,0
BRF:34
BRH:0
end_of_record
